CRITICAL - 2021-06-14 16:13:34 --> Too few arguments to function CodeIgniter\Database\BaseBuilder::join(), 1 passed in C:\xampp\htdocs\darwin_jobs\app\Models\AdminModel.php on line 231 and at least 2 expected
#0 C:\xampp\htdocs\darwin_jobs\app\Models\AdminModel.php(231): CodeIgniter\Database\BaseBuilder->join('packages')
#1 C:\xampp\htdocs\darwin_jobs\app\Controllers\Admin.php(134): App\Models\AdminModel->payment()
#2 C:\xampp\htdocs\darwin_jobs\system\CodeIgniter.php(936): App\Controllers\Admin->payments()
#3 C:\xampp\htdocs\darwin_jobs\system\CodeIgniter.php(432): CodeIgniter\CodeIgniter->runController(Object(App\Controllers\Admin))
#4 C:\xampp\htdocs\darwin_jobs\system\CodeIgniter.php(333): CodeIgniter\CodeIgniter->handleRequest(NULL, Object(Config\Cache), false)
#5 C:\xampp\htdocs\darwin_jobs\public\index.php(84): CodeIgniter\CodeIgniter->run()
#6 C:\xampp\htdocs\darwin_jobs\index.php(2): require_once('C:\\xampp\\htdocs...')
#7 {main}
CRITICAL - 2021-06-14 16:15:16 --> Undefined variable: builer
#0 C:\xampp\htdocs\darwin_jobs\app\Models\AdminModel.php(231): CodeIgniter\Debug\Exceptions->errorHandler(8, 'Undefined varia...', 'C:\\xampp\\htdocs...', 231, Array)
#1 C:\xampp\htdocs\darwin_jobs\app\Controllers\Admin.php(134): App\Models\AdminModel->payment()
#2 C:\xampp\htdocs\darwin_jobs\system\CodeIgniter.php(936): App\Controllers\Admin->payments()
#3 C:\xampp\htdocs\darwin_jobs\system\CodeIgniter.php(432): CodeIgniter\CodeIgniter->runController(Object(App\Controllers\Admin))
#4 C:\xampp\htdocs\darwin_jobs\system\CodeIgniter.php(333): CodeIgniter\CodeIgniter->handleRequest(NULL, Object(Config\Cache), false)
#5 C:\xampp\htdocs\darwin_jobs\public\index.php(84): CodeIgniter\CodeIgniter->run()
#6 C:\xampp\htdocs\darwin_jobs\index.php(2): require_once('C:\\xampp\\htdocs...')
#7 {main}
CRITICAL - 2021-06-14 16:15:24 --> Undefined property: CodeIgniter\Database\MySQLi\Builder::$get
#0 C:\xampp\htdocs\darwin_jobs\app\Models\AdminModel.php(232): CodeIgniter\Debug\Exceptions->errorHandler(8, 'Undefined prope...', 'C:\\xampp\\htdocs...', 232, Array)
#1 C:\xampp\htdocs\darwin_jobs\app\Controllers\Admin.php(134): App\Models\AdminModel->payment()
#2 C:\xampp\htdocs\darwin_jobs\system\CodeIgniter.php(936): App\Controllers\Admin->payments()
#3 C:\xampp\htdocs\darwin_jobs\system\CodeIgniter.php(432): CodeIgniter\CodeIgniter->runController(Object(App\Controllers\Admin))
#4 C:\xampp\htdocs\darwin_jobs\system\CodeIgniter.php(333): CodeIgniter\CodeIgniter->handleRequest(NULL, Object(Config\Cache), false)
#5 C:\xampp\htdocs\darwin_jobs\public\index.php(84): CodeIgniter\CodeIgniter->run()
#6 C:\xampp\htdocs\darwin_jobs\index.php(2): require_once('C:\\xampp\\htdocs...')
#7 {main}
CRITICAL - 2021-06-14 16:18:26 --> Call to undefined function date_time()
#0 C:\xampp\htdocs\darwin_jobs\system\View\View.php(220): include()
#1 C:\xampp\htdocs\darwin_jobs\system\View\View.php(222): CodeIgniter\View\View->CodeIgniter\View\{closure}()
#2 C:\xampp\htdocs\darwin_jobs\system\Common.php(1217): CodeIgniter\View\View->render('admin/payment/s...', Array, true)
#3 C:\xampp\htdocs\darwin_jobs\app\Controllers\Admin.php(135): view('admin/payment/s...', Array)
#4 C:\xampp\htdocs\darwin_jobs\system\CodeIgniter.php(936): App\Controllers\Admin->payments()
#5 C:\xampp\htdocs\darwin_jobs\system\CodeIgniter.php(432): CodeIgniter\CodeIgniter->runController(Object(App\Controllers\Admin))
#6 C:\xampp\htdocs\darwin_jobs\system\CodeIgniter.php(333): CodeIgniter\CodeIgniter->handleRequest(NULL, Object(Config\Cache), false)
#7 C:\xampp\htdocs\darwin_jobs\public\index.php(84): CodeIgniter\CodeIgniter->run()
#8 C:\xampp\htdocs\darwin_jobs\index.php(2): require_once('C:\\xampp\\htdocs...')
#9 {main}
CRITICAL - 2021-06-14 16:18:37 --> Call to undefined function date_time()
#0 C:\xampp\htdocs\darwin_jobs\system\View\View.php(220): include()
#1 C:\xampp\htdocs\darwin_jobs\system\View\View.php(222): CodeIgniter\View\View->CodeIgniter\View\{closure}()
#2 C:\xampp\htdocs\darwin_jobs\system\Common.php(1217): CodeIgniter\View\View->render('admin/payment/s...', Array, true)
#3 C:\xampp\htdocs\darwin_jobs\app\Controllers\Admin.php(135): view('admin/payment/s...', Array)
#4 C:\xampp\htdocs\darwin_jobs\system\CodeIgniter.php(936): App\Controllers\Admin->payments()
#5 C:\xampp\htdocs\darwin_jobs\system\CodeIgniter.php(432): CodeIgniter\CodeIgniter->runController(Object(App\Controllers\Admin))
#6 C:\xampp\htdocs\darwin_jobs\system\CodeIgniter.php(333): CodeIgniter\CodeIgniter->handleRequest(NULL, Object(Config\Cache), false)
#7 C:\xampp\htdocs\darwin_jobs\public\index.php(84): CodeIgniter\CodeIgniter->run()
#8 C:\xampp\htdocs\darwin_jobs\index.php(2): require_once('C:\\xampp\\htdocs...')
#9 {main}
CRITICAL - 2021-06-14 16:19:13 --> Call to undefined function date_time()
#0 C:\xampp\htdocs\darwin_jobs\system\View\View.php(220): include()
#1 C:\xampp\htdocs\darwin_jobs\system\View\View.php(222): CodeIgniter\View\View->CodeIgniter\View\{closure}()
#2 C:\xampp\htdocs\darwin_jobs\system\Common.php(1217): CodeIgniter\View\View->render('admin/payment/s...', Array, true)
#3 C:\xampp\htdocs\darwin_jobs\app\Controllers\Admin.php(135): view('admin/payment/s...', Array)
#4 C:\xampp\htdocs\darwin_jobs\system\CodeIgniter.php(936): App\Controllers\Admin->payments()
#5 C:\xampp\htdocs\darwin_jobs\system\CodeIgniter.php(432): CodeIgniter\CodeIgniter->runController(Object(App\Controllers\Admin))
#6 C:\xampp\htdocs\darwin_jobs\system\CodeIgniter.php(333): CodeIgniter\CodeIgniter->handleRequest(NULL, Object(Config\Cache), false)
#7 C:\xampp\htdocs\darwin_jobs\public\index.php(84): CodeIgniter\CodeIgniter->run()
#8 C:\xampp\htdocs\darwin_jobs\index.php(2): require_once('C:\\xampp\\htdocs...')
#9 {main}
CRITICAL - 2021-06-14 16:19:14 --> Call to undefined function date_time()
#0 C:\xampp\htdocs\darwin_jobs\system\View\View.php(220): include()
#1 C:\xampp\htdocs\darwin_jobs\system\View\View.php(222): CodeIgniter\View\View->CodeIgniter\View\{closure}()
#2 C:\xampp\htdocs\darwin_jobs\system\Common.php(1217): CodeIgniter\View\View->render('admin/payment/s...', Array, true)
#3 C:\xampp\htdocs\darwin_jobs\app\Controllers\Admin.php(135): view('admin/payment/s...', Array)
#4 C:\xampp\htdocs\darwin_jobs\system\CodeIgniter.php(936): App\Controllers\Admin->payments()
#5 C:\xampp\htdocs\darwin_jobs\system\CodeIgniter.php(432): CodeIgniter\CodeIgniter->runController(Object(App\Controllers\Admin))
#6 C:\xampp\htdocs\darwin_jobs\system\CodeIgniter.php(333): CodeIgniter\CodeIgniter->handleRequest(NULL, Object(Config\Cache), false)
#7 C:\xampp\htdocs\darwin_jobs\public\index.php(84): CodeIgniter\CodeIgniter->run()
#8 C:\xampp\htdocs\darwin_jobs\index.php(2): require_once('C:\\xampp\\htdocs...')
#9 {main}
CRITICAL - 2021-06-14 16:31:07 --> Call to undefined method CodeIgniter\Database\MySQLi\Builder::table()
#0 C:\xampp\htdocs\darwin_jobs\app\Controllers\Admin.php(134): App\Models\AdminModel->deleteemployer('4')
#1 C:\xampp\htdocs\darwin_jobs\system\CodeIgniter.php(936): App\Controllers\Admin->deleteemployer('4')
#2 C:\xampp\htdocs\darwin_jobs\system\CodeIgniter.php(432): CodeIgniter\CodeIgniter->runController(Object(App\Controllers\Admin))
#3 C:\xampp\htdocs\darwin_jobs\system\CodeIgniter.php(333): CodeIgniter\CodeIgniter->handleRequest(NULL, Object(Config\Cache), false)
#4 C:\xampp\htdocs\darwin_jobs\public\index.php(84): CodeIgniter\CodeIgniter->run()
#5 C:\xampp\htdocs\darwin_jobs\index.php(2): require_once('C:\\xampp\\htdocs...')
#6 {main}
ERROR - 2021-06-14 18:59:41 --> Error connecting to the database: A connection attempt failed because the connected party did not properly respond after a period of time, or established connection failed because connected host has failed to respond
CRITICAL - 2021-06-14 18:59:41 --> Unable to connect to the database.
#0 C:\xampp\htdocs\darwin_jobs\system\Database\BaseConnection.php(618): CodeIgniter\Database\BaseConnection->initialize()
#1 C:\xampp\htdocs\darwin_jobs\system\Database\BaseBuilder.php(1866): CodeIgniter\Database\BaseConnection->query('SELECT *\nFROM `...', Array, false)
#2 C:\xampp\htdocs\darwin_jobs\app\Models\AdminModel.php(151): CodeIgniter\Database\BaseBuilder->get()
#3 C:\xampp\htdocs\darwin_jobs\app\Controllers\Admin.php(429): App\Models\AdminModel->getemployer()
#4 C:\xampp\htdocs\darwin_jobs\system\CodeIgniter.php(936): App\Controllers\Admin->employer()
#5 C:\xampp\htdocs\darwin_jobs\system\CodeIgniter.php(432): CodeIgniter\CodeIgniter->runController(Object(App\Controllers\Admin))
#6 C:\xampp\htdocs\darwin_jobs\system\CodeIgniter.php(333): CodeIgniter\CodeIgniter->handleRequest(NULL, Object(Config\Cache), false)
#7 C:\xampp\htdocs\darwin_jobs\public\index.php(84): CodeIgniter\CodeIgniter->run()
#8 C:\xampp\htdocs\darwin_jobs\index.php(2): require_once('C:\\xampp\\htdocs...')
#9 {main}
CRITICAL - 2021-06-14 18:59:47 --> Call to undefined method CodeIgniter\Database\MySQLi\Result::row()
#0 C:\xampp\htdocs\darwin_jobs\app\Views\admin\include\header.php(146): general_value('x-key')
#1 C:\xampp\htdocs\darwin_jobs\app\Views\admin\employer\showemployers.php(1): include('C:\\xampp\\htdocs...')
#2 C:\xampp\htdocs\darwin_jobs\system\View\View.php(220): include('C:\\xampp\\htdocs...')
#3 C:\xampp\htdocs\darwin_jobs\system\View\View.php(222): CodeIgniter\View\View->CodeIgniter\View\{closure}()
#4 C:\xampp\htdocs\darwin_jobs\system\Common.php(1217): CodeIgniter\View\View->render('admin/employer/...', Array, true)
#5 C:\xampp\htdocs\darwin_jobs\app\Controllers\Admin.php(430): view('admin/employer/...', Array)
#6 C:\xampp\htdocs\darwin_jobs\system\CodeIgniter.php(936): App\Controllers\Admin->employer()
#7 C:\xampp\htdocs\darwin_jobs\system\CodeIgniter.php(432): CodeIgniter\CodeIgniter->runController(Object(App\Controllers\Admin))
#8 C:\xampp\htdocs\darwin_jobs\system\CodeIgniter.php(333): CodeIgniter\CodeIgniter->handleRequest(NULL, Object(Config\Cache), false)
#9 C:\xampp\htdocs\darwin_jobs\public\index.php(84): CodeIgniter\CodeIgniter->run()
#10 C:\xampp\htdocs\darwin_jobs\index.php(2): require_once('C:\\xampp\\htdocs...')
#11 {main}
CRITICAL - 2021-06-14 18:59:49 --> Call to undefined method CodeIgniter\Database\MySQLi\Result::row()
#0 C:\xampp\htdocs\darwin_jobs\app\Views\admin\include\header.php(146): general_value('x-key')
#1 C:\xampp\htdocs\darwin_jobs\app\Views\admin\employer\showemployers.php(1): include('C:\\xampp\\htdocs...')
#2 C:\xampp\htdocs\darwin_jobs\system\View\View.php(220): include('C:\\xampp\\htdocs...')
#3 C:\xampp\htdocs\darwin_jobs\system\View\View.php(222): CodeIgniter\View\View->CodeIgniter\View\{closure}()
#4 C:\xampp\htdocs\darwin_jobs\system\Common.php(1217): CodeIgniter\View\View->render('admin/employer/...', Array, true)
#5 C:\xampp\htdocs\darwin_jobs\app\Controllers\Admin.php(430): view('admin/employer/...', Array)
#6 C:\xampp\htdocs\darwin_jobs\system\CodeIgniter.php(936): App\Controllers\Admin->employer()
#7 C:\xampp\htdocs\darwin_jobs\system\CodeIgniter.php(432): CodeIgniter\CodeIgniter->runController(Object(App\Controllers\Admin))
#8 C:\xampp\htdocs\darwin_jobs\system\CodeIgniter.php(333): CodeIgniter\CodeIgniter->handleRequest(NULL, Object(Config\Cache), false)
#9 C:\xampp\htdocs\darwin_jobs\public\index.php(84): CodeIgniter\CodeIgniter->run()
#10 C:\xampp\htdocs\darwin_jobs\index.php(2): require_once('C:\\xampp\\htdocs...')
#11 {main}
CRITICAL - 2021-06-14 18:59:50 --> Call to undefined method CodeIgniter\Database\MySQLi\Result::row()
#0 C:\xampp\htdocs\darwin_jobs\app\Views\admin\include\header.php(146): general_value('x-key')
#1 C:\xampp\htdocs\darwin_jobs\app\Views\admin\employer\showemployers.php(1): include('C:\\xampp\\htdocs...')
#2 C:\xampp\htdocs\darwin_jobs\system\View\View.php(220): include('C:\\xampp\\htdocs...')
#3 C:\xampp\htdocs\darwin_jobs\system\View\View.php(222): CodeIgniter\View\View->CodeIgniter\View\{closure}()
#4 C:\xampp\htdocs\darwin_jobs\system\Common.php(1217): CodeIgniter\View\View->render('admin/employer/...', Array, true)
#5 C:\xampp\htdocs\darwin_jobs\app\Controllers\Admin.php(430): view('admin/employer/...', Array)
#6 C:\xampp\htdocs\darwin_jobs\system\CodeIgniter.php(936): App\Controllers\Admin->employer()
#7 C:\xampp\htdocs\darwin_jobs\system\CodeIgniter.php(432): CodeIgniter\CodeIgniter->runController(Object(App\Controllers\Admin))
#8 C:\xampp\htdocs\darwin_jobs\system\CodeIgniter.php(333): CodeIgniter\CodeIgniter->handleRequest(NULL, Object(Config\Cache), false)
#9 C:\xampp\htdocs\darwin_jobs\public\index.php(84): CodeIgniter\CodeIgniter->run()
#10 C:\xampp\htdocs\darwin_jobs\index.php(2): require_once('C:\\xampp\\htdocs...')
#11 {main}
CRITICAL - 2021-06-14 19:00:42 --> Call to undefined method CodeIgniter\Database\MySQLi\Builder::getRow()
#0 C:\xampp\htdocs\darwin_jobs\app\Views\admin\include\header.php(146): general_value('x-key')
#1 C:\xampp\htdocs\darwin_jobs\app\Views\admin\employer\showemployers.php(1): include('C:\\xampp\\htdocs...')
#2 C:\xampp\htdocs\darwin_jobs\system\View\View.php(220): include('C:\\xampp\\htdocs...')
#3 C:\xampp\htdocs\darwin_jobs\system\View\View.php(222): CodeIgniter\View\View->CodeIgniter\View\{closure}()
#4 C:\xampp\htdocs\darwin_jobs\system\Common.php(1217): CodeIgniter\View\View->render('admin/employer/...', Array, true)
#5 C:\xampp\htdocs\darwin_jobs\app\Controllers\Admin.php(430): view('admin/employer/...', Array)
#6 C:\xampp\htdocs\darwin_jobs\system\CodeIgniter.php(936): App\Controllers\Admin->employer()
#7 C:\xampp\htdocs\darwin_jobs\system\CodeIgniter.php(432): CodeIgniter\CodeIgniter->runController(Object(App\Controllers\Admin))
#8 C:\xampp\htdocs\darwin_jobs\system\CodeIgniter.php(333): CodeIgniter\CodeIgniter->handleRequest(NULL, Object(Config\Cache), false)
#9 C:\xampp\htdocs\darwin_jobs\public\index.php(84): CodeIgniter\CodeIgniter->run()
#10 C:\xampp\htdocs\darwin_jobs\index.php(2): require_once('C:\\xampp\\htdocs...')
#11 {main}
CRITICAL - 2021-06-14 19:48:28 --> Invalid file: admin/auth/editadmin.php
#0 C:\xampp\htdocs\darwin_jobs\system\View\View.php(203): CodeIgniter\Exceptions\FrameworkException::forInvalidFile('admin/auth/edit...')
#1 C:\xampp\htdocs\darwin_jobs\system\Common.php(1217): CodeIgniter\View\View->render('admin/auth/edit...', Array, true)
#2 C:\xampp\htdocs\darwin_jobs\app\Controllers\Admin.php(182): view('admin/auth/edit...', Array)
#3 C:\xampp\htdocs\darwin_jobs\system\CodeIgniter.php(936): App\Controllers\Admin->editadmin('1')
#4 C:\xampp\htdocs\darwin_jobs\system\CodeIgniter.php(432): CodeIgniter\CodeIgniter->runController(Object(App\Controllers\Admin))
#5 C:\xampp\htdocs\darwin_jobs\system\CodeIgniter.php(333): CodeIgniter\CodeIgniter->handleRequest(NULL, Object(Config\Cache), false)
#6 C:\xampp\htdocs\darwin_jobs\public\index.php(84): CodeIgniter\CodeIgniter->run()
#7 C:\xampp\htdocs\darwin_jobs\index.php(2): require_once('C:\\xampp\\htdocs...')
#8 {main}
