CRITICAL - 2021-06-09 13:00:26 --> syntax error, unexpected token "=", expecting "]"
#0 C:\xampp\htdocs\darwin_jobs\system\Router\Router.php(170): CodeIgniter\Router\Router->autoRoute('admin/login')
#1 C:\xampp\htdocs\darwin_jobs\system\CodeIgniter.php(816): CodeIgniter\Router\Router->handle('admin/login')
#2 C:\xampp\htdocs\darwin_jobs\system\CodeIgniter.php(385): CodeIgniter\CodeIgniter->tryToRouteIt(Object(CodeIgniter\Router\RouteCollection))
#3 C:\xampp\htdocs\darwin_jobs\system\CodeIgniter.php(333): CodeIgniter\CodeIgniter->handleRequest(NULL, Object(Config\Cache), false)
#4 C:\xampp\htdocs\darwin_jobs\public\index.php(84): CodeIgniter\CodeIgniter->run()
#5 C:\xampp\htdocs\darwin_jobs\index.php(2): require_once('C:\\xampp\\htdocs...')
#6 {main}
CRITICAL - 2021-06-09 13:00:38 --> syntax error, unexpected token "=", expecting "]"
#0 C:\xampp\htdocs\darwin_jobs\system\Router\Router.php(170): CodeIgniter\Router\Router->autoRoute('admin/login')
#1 C:\xampp\htdocs\darwin_jobs\system\CodeIgniter.php(816): CodeIgniter\Router\Router->handle('admin/login')
#2 C:\xampp\htdocs\darwin_jobs\system\CodeIgniter.php(385): CodeIgniter\CodeIgniter->tryToRouteIt(Object(CodeIgniter\Router\RouteCollection))
#3 C:\xampp\htdocs\darwin_jobs\system\CodeIgniter.php(333): CodeIgniter\CodeIgniter->handleRequest(NULL, Object(Config\Cache), false)
#4 C:\xampp\htdocs\darwin_jobs\public\index.php(84): CodeIgniter\CodeIgniter->run()
#5 C:\xampp\htdocs\darwin_jobs\index.php(2): require_once('C:\\xampp\\htdocs...')
#6 {main}
CRITICAL - 2021-06-09 13:01:00 --> syntax error, unexpected token "=", expecting "]"
#0 C:\xampp\htdocs\darwin_jobs\system\Router\Router.php(170): CodeIgniter\Router\Router->autoRoute('admin/login')
#1 C:\xampp\htdocs\darwin_jobs\system\CodeIgniter.php(816): CodeIgniter\Router\Router->handle('admin/login')
#2 C:\xampp\htdocs\darwin_jobs\system\CodeIgniter.php(385): CodeIgniter\CodeIgniter->tryToRouteIt(Object(CodeIgniter\Router\RouteCollection))
#3 C:\xampp\htdocs\darwin_jobs\system\CodeIgniter.php(333): CodeIgniter\CodeIgniter->handleRequest(NULL, Object(Config\Cache), false)
#4 C:\xampp\htdocs\darwin_jobs\public\index.php(84): CodeIgniter\CodeIgniter->run()
#5 C:\xampp\htdocs\darwin_jobs\index.php(2): require_once('C:\\xampp\\htdocs...')
#6 {main}
CRITICAL - 2021-06-09 13:03:09 --> Call to undefined method App\Controllers\Admin::valiadte()
#0 C:\xampp\htdocs\darwin_jobs\system\CodeIgniter.php(936): App\Controllers\Admin->login()
#1 C:\xampp\htdocs\darwin_jobs\system\CodeIgniter.php(432): CodeIgniter\CodeIgniter->runController(Object(App\Controllers\Admin))
#2 C:\xampp\htdocs\darwin_jobs\system\CodeIgniter.php(333): CodeIgniter\CodeIgniter->handleRequest(NULL, Object(Config\Cache), false)
#3 C:\xampp\htdocs\darwin_jobs\public\index.php(84): CodeIgniter\CodeIgniter->run()
#4 C:\xampp\htdocs\darwin_jobs\index.php(2): require_once('C:\\xampp\\htdocs...')
#5 {main}
ERROR - 2021-06-09 13:03:26 --> mysqli_sql_exception: Unknown column 'usename' in 'where clause' in C:\xampp\htdocs\darwin_jobs\system\Database\MySQLi\Connection.php:314
Stack trace:
#0 C:\xampp\htdocs\darwin_jobs\system\Database\MySQLi\Connection.php(314): mysqli->query('SELECT *\nFROM `...')
#1 C:\xampp\htdocs\darwin_jobs\system\Database\BaseConnection.php(713): CodeIgniter\Database\MySQLi\Connection->execute('SELECT *\nFROM `...')
#2 C:\xampp\htdocs\darwin_jobs\system\Database\BaseConnection.php(641): CodeIgniter\Database\BaseConnection->simpleQuery('SELECT *\nFROM `...')
#3 C:\xampp\htdocs\darwin_jobs\system\Database\BaseBuilder.php(1866): CodeIgniter\Database\BaseConnection->query('SELECT *\nFROM `...', Array, false)
#4 C:\xampp\htdocs\darwin_jobs\app\Models\auth\AuthModel.php(11): CodeIgniter\Database\BaseBuilder->get()
#5 C:\xampp\htdocs\darwin_jobs\app\Controllers\Admin.php(32): App\Models\auth\AuthModel->login_validate('admin', '12345')
#6 C:\xampp\htdocs\darwin_jobs\system\CodeIgniter.php(936): App\Controllers\Admin->login()
#7 C:\xampp\htdocs\darwin_jobs\system\CodeIgniter.php(432): CodeIgniter\CodeIgniter->runController(Object(App\Controllers\Admin))
#8 C:\xampp\htdocs\darwin_jobs\system\CodeIgniter.php(333): CodeIgniter\CodeIgniter->handleRequest(NULL, Object(Config\Cache), false)
#9 C:\xampp\htdocs\darwin_jobs\public\index.php(84): CodeIgniter\CodeIgniter->run()
#10 C:\xampp\htdocs\darwin_jobs\index.php(2): require_once('C:\\xampp\\htdocs...')
#11 {main}
CRITICAL - 2021-06-09 13:03:26 --> Unknown column 'usename' in 'where clause'
#0 C:\xampp\htdocs\darwin_jobs\system\Database\MySQLi\Connection.php(314): mysqli->query('SELECT *\nFROM `...')
#1 C:\xampp\htdocs\darwin_jobs\system\Database\BaseConnection.php(713): CodeIgniter\Database\MySQLi\Connection->execute('SELECT *\nFROM `...')
#2 C:\xampp\htdocs\darwin_jobs\system\Database\BaseConnection.php(641): CodeIgniter\Database\BaseConnection->simpleQuery('SELECT *\nFROM `...')
#3 C:\xampp\htdocs\darwin_jobs\system\Database\BaseBuilder.php(1866): CodeIgniter\Database\BaseConnection->query('SELECT *\nFROM `...', Array, false)
#4 C:\xampp\htdocs\darwin_jobs\app\Models\auth\AuthModel.php(11): CodeIgniter\Database\BaseBuilder->get()
#5 C:\xampp\htdocs\darwin_jobs\app\Controllers\Admin.php(32): App\Models\auth\AuthModel->login_validate('admin', '12345')
#6 C:\xampp\htdocs\darwin_jobs\system\CodeIgniter.php(936): App\Controllers\Admin->login()
#7 C:\xampp\htdocs\darwin_jobs\system\CodeIgniter.php(432): CodeIgniter\CodeIgniter->runController(Object(App\Controllers\Admin))
#8 C:\xampp\htdocs\darwin_jobs\system\CodeIgniter.php(333): CodeIgniter\CodeIgniter->handleRequest(NULL, Object(Config\Cache), false)
#9 C:\xampp\htdocs\darwin_jobs\public\index.php(84): CodeIgniter\CodeIgniter->run()
#10 C:\xampp\htdocs\darwin_jobs\index.php(2): require_once('C:\\xampp\\htdocs...')
#11 {main}
CRITICAL - 2021-06-09 13:03:43 --> Call to undefined method App\Controllers\Admin::redirectTo()
#0 C:\xampp\htdocs\darwin_jobs\system\CodeIgniter.php(936): App\Controllers\Admin->login()
#1 C:\xampp\htdocs\darwin_jobs\system\CodeIgniter.php(432): CodeIgniter\CodeIgniter->runController(Object(App\Controllers\Admin))
#2 C:\xampp\htdocs\darwin_jobs\system\CodeIgniter.php(333): CodeIgniter\CodeIgniter->handleRequest(NULL, Object(Config\Cache), false)
#3 C:\xampp\htdocs\darwin_jobs\public\index.php(84): CodeIgniter\CodeIgniter->run()
#4 C:\xampp\htdocs\darwin_jobs\index.php(2): require_once('C:\\xampp\\htdocs...')
#5 {main}
CRITICAL - 2021-06-09 13:03:57 --> Call to undefined method App\Controllers\Admin::redirectTo()
#0 C:\xampp\htdocs\darwin_jobs\system\CodeIgniter.php(936): App\Controllers\Admin->login()
#1 C:\xampp\htdocs\darwin_jobs\system\CodeIgniter.php(432): CodeIgniter\CodeIgniter->runController(Object(App\Controllers\Admin))
#2 C:\xampp\htdocs\darwin_jobs\system\CodeIgniter.php(333): CodeIgniter\CodeIgniter->handleRequest(NULL, Object(Config\Cache), false)
#3 C:\xampp\htdocs\darwin_jobs\public\index.php(84): CodeIgniter\CodeIgniter->run()
#4 C:\xampp\htdocs\darwin_jobs\index.php(2): require_once('C:\\xampp\\htdocs...')
#5 {main}
CRITICAL - 2021-06-09 13:04:58 --> Call to undefined method App\Controllers\Admin::redirect()
#0 C:\xampp\htdocs\darwin_jobs\system\CodeIgniter.php(936): App\Controllers\Admin->login()
#1 C:\xampp\htdocs\darwin_jobs\system\CodeIgniter.php(432): CodeIgniter\CodeIgniter->runController(Object(App\Controllers\Admin))
#2 C:\xampp\htdocs\darwin_jobs\system\CodeIgniter.php(333): CodeIgniter\CodeIgniter->handleRequest(NULL, Object(Config\Cache), false)
#3 C:\xampp\htdocs\darwin_jobs\public\index.php(84): CodeIgniter\CodeIgniter->run()
#4 C:\xampp\htdocs\darwin_jobs\index.php(2): require_once('C:\\xampp\\htdocs...')
#5 {main}
CRITICAL - 2021-06-09 13:05:19 --> Call to undefined method App\Controllers\Admin::redirect()
#0 C:\xampp\htdocs\darwin_jobs\system\CodeIgniter.php(936): App\Controllers\Admin->login()
#1 C:\xampp\htdocs\darwin_jobs\system\CodeIgniter.php(432): CodeIgniter\CodeIgniter->runController(Object(App\Controllers\Admin))
#2 C:\xampp\htdocs\darwin_jobs\system\CodeIgniter.php(333): CodeIgniter\CodeIgniter->handleRequest(NULL, Object(Config\Cache), false)
#3 C:\xampp\htdocs\darwin_jobs\public\index.php(84): CodeIgniter\CodeIgniter->run()
#4 C:\xampp\htdocs\darwin_jobs\index.php(2): require_once('C:\\xampp\\htdocs...')
#5 {main}
CRITICAL - 2021-06-09 14:30:27 --> Invalid file: dashboard.php
#0 C:\xampp\htdocs\darwin_jobs\system\View\View.php(203): CodeIgniter\Exceptions\FrameworkException::forInvalidFile('dashboard.php')
#1 C:\xampp\htdocs\darwin_jobs\system\Common.php(1217): CodeIgniter\View\View->render('dashboard', Array, true)
#2 C:\xampp\htdocs\darwin_jobs\app\Controllers\Admin.php(16): view('dashboard')
#3 C:\xampp\htdocs\darwin_jobs\system\CodeIgniter.php(936): App\Controllers\Admin->index()
#4 C:\xampp\htdocs\darwin_jobs\system\CodeIgniter.php(432): CodeIgniter\CodeIgniter->runController(Object(App\Controllers\Admin))
#5 C:\xampp\htdocs\darwin_jobs\system\CodeIgniter.php(333): CodeIgniter\CodeIgniter->handleRequest(NULL, Object(Config\Cache), false)
#6 C:\xampp\htdocs\darwin_jobs\public\index.php(84): CodeIgniter\CodeIgniter->run()
#7 C:\xampp\htdocs\darwin_jobs\index.php(2): require_once('C:\\xampp\\htdocs...')
#8 {main}
CRITICAL - 2021-06-09 14:43:49 --> Call to undefined method App\Controllers\Admin::session()
#0 C:\xampp\htdocs\darwin_jobs\system\CodeIgniter.php(936): App\Controllers\Admin->account()
#1 C:\xampp\htdocs\darwin_jobs\system\CodeIgniter.php(432): CodeIgniter\CodeIgniter->runController(Object(App\Controllers\Admin))
#2 C:\xampp\htdocs\darwin_jobs\system\CodeIgniter.php(333): CodeIgniter\CodeIgniter->handleRequest(NULL, Object(Config\Cache), false)
#3 C:\xampp\htdocs\darwin_jobs\public\index.php(84): CodeIgniter\CodeIgniter->run()
#4 C:\xampp\htdocs\darwin_jobs\index.php(2): require_once('C:\\xampp\\htdocs...')
#5 {main}
CRITICAL - 2021-06-09 14:44:03 --> Undefined variable $session
#0 C:\xampp\htdocs\darwin_jobs\app\Controllers\Admin.php(70): CodeIgniter\Debug\Exceptions->errorHandler(2, 'Undefined varia...', 'C:\\xampp\\htdocs...', 70)
#1 C:\xampp\htdocs\darwin_jobs\system\CodeIgniter.php(936): App\Controllers\Admin->account()
#2 C:\xampp\htdocs\darwin_jobs\system\CodeIgniter.php(432): CodeIgniter\CodeIgniter->runController(Object(App\Controllers\Admin))
#3 C:\xampp\htdocs\darwin_jobs\system\CodeIgniter.php(333): CodeIgniter\CodeIgniter->handleRequest(NULL, Object(Config\Cache), false)
#4 C:\xampp\htdocs\darwin_jobs\public\index.php(84): CodeIgniter\CodeIgniter->run()
#5 C:\xampp\htdocs\darwin_jobs\index.php(2): require_once('C:\\xampp\\htdocs...')
#6 {main}
CRITICAL - 2021-06-09 14:44:58 --> Undefined variable $session
#0 C:\xampp\htdocs\darwin_jobs\app\Controllers\Admin.php(70): CodeIgniter\Debug\Exceptions->errorHandler(2, 'Undefined varia...', 'C:\\xampp\\htdocs...', 70)
#1 C:\xampp\htdocs\darwin_jobs\system\CodeIgniter.php(936): App\Controllers\Admin->account()
#2 C:\xampp\htdocs\darwin_jobs\system\CodeIgniter.php(432): CodeIgniter\CodeIgniter->runController(Object(App\Controllers\Admin))
#3 C:\xampp\htdocs\darwin_jobs\system\CodeIgniter.php(333): CodeIgniter\CodeIgniter->handleRequest(NULL, Object(Config\Cache), false)
#4 C:\xampp\htdocs\darwin_jobs\public\index.php(84): CodeIgniter\CodeIgniter->run()
#5 C:\xampp\htdocs\darwin_jobs\index.php(2): require_once('C:\\xampp\\htdocs...')
#6 {main}
ERROR - 2021-06-09 14:45:09 --> mysqli_sql_exception: Unknown column 'mobileno' in 'field list' in C:\xampp\htdocs\darwin_jobs\system\Database\MySQLi\Connection.php:314
Stack trace:
#0 C:\xampp\htdocs\darwin_jobs\system\Database\MySQLi\Connection.php(314): mysqli->query('UPDATE `admin` ...')
#1 C:\xampp\htdocs\darwin_jobs\system\Database\BaseConnection.php(713): CodeIgniter\Database\MySQLi\Connection->execute('UPDATE `admin` ...')
#2 C:\xampp\htdocs\darwin_jobs\system\Database\BaseConnection.php(641): CodeIgniter\Database\BaseConnection->simpleQuery('UPDATE `admin` ...')
#3 C:\xampp\htdocs\darwin_jobs\system\Database\BaseBuilder.php(2468): CodeIgniter\Database\BaseConnection->query('UPDATE `admin` ...', Array, false)
#4 C:\xampp\htdocs\darwin_jobs\app\Models\auth\AuthModel.php(25): CodeIgniter\Database\BaseBuilder->update(Array)
#5 C:\xampp\htdocs\darwin_jobs\app\Controllers\Admin.php(71): App\Models\auth\AuthModel->account(Array, '1')
#6 C:\xampp\htdocs\darwin_jobs\system\CodeIgniter.php(936): App\Controllers\Admin->account()
#7 C:\xampp\htdocs\darwin_jobs\system\CodeIgniter.php(432): CodeIgniter\CodeIgniter->runController(Object(App\Controllers\Admin))
#8 C:\xampp\htdocs\darwin_jobs\system\CodeIgniter.php(333): CodeIgniter\CodeIgniter->handleRequest(NULL, Object(Config\Cache), false)
#9 C:\xampp\htdocs\darwin_jobs\public\index.php(84): CodeIgniter\CodeIgniter->run()
#10 C:\xampp\htdocs\darwin_jobs\index.php(2): require_once('C:\\xampp\\htdocs...')
#11 {main}
CRITICAL - 2021-06-09 14:45:09 --> Unknown column 'mobileno' in 'field list'
#0 C:\xampp\htdocs\darwin_jobs\system\Database\MySQLi\Connection.php(314): mysqli->query('UPDATE `admin` ...')
#1 C:\xampp\htdocs\darwin_jobs\system\Database\BaseConnection.php(713): CodeIgniter\Database\MySQLi\Connection->execute('UPDATE `admin` ...')
#2 C:\xampp\htdocs\darwin_jobs\system\Database\BaseConnection.php(641): CodeIgniter\Database\BaseConnection->simpleQuery('UPDATE `admin` ...')
#3 C:\xampp\htdocs\darwin_jobs\system\Database\BaseBuilder.php(2468): CodeIgniter\Database\BaseConnection->query('UPDATE `admin` ...', Array, false)
#4 C:\xampp\htdocs\darwin_jobs\app\Models\auth\AuthModel.php(25): CodeIgniter\Database\BaseBuilder->update(Array)
#5 C:\xampp\htdocs\darwin_jobs\app\Controllers\Admin.php(71): App\Models\auth\AuthModel->account(Array, '1')
#6 C:\xampp\htdocs\darwin_jobs\system\CodeIgniter.php(936): App\Controllers\Admin->account()
#7 C:\xampp\htdocs\darwin_jobs\system\CodeIgniter.php(432): CodeIgniter\CodeIgniter->runController(Object(App\Controllers\Admin))
#8 C:\xampp\htdocs\darwin_jobs\system\CodeIgniter.php(333): CodeIgniter\CodeIgniter->handleRequest(NULL, Object(Config\Cache), false)
#9 C:\xampp\htdocs\darwin_jobs\public\index.php(84): CodeIgniter\CodeIgniter->run()
#10 C:\xampp\htdocs\darwin_jobs\index.php(2): require_once('C:\\xampp\\htdocs...')
#11 {main}
ERROR - 2021-06-09 14:50:24 --> mysqli_sql_exception: Unknown column 'mobileno' in 'field list' in C:\xampp\htdocs\darwin_jobs\system\Database\MySQLi\Connection.php:314
Stack trace:
#0 C:\xampp\htdocs\darwin_jobs\system\Database\MySQLi\Connection.php(314): mysqli->query('UPDATE `admin` ...')
#1 C:\xampp\htdocs\darwin_jobs\system\Database\BaseConnection.php(713): CodeIgniter\Database\MySQLi\Connection->execute('UPDATE `admin` ...')
#2 C:\xampp\htdocs\darwin_jobs\system\Database\BaseConnection.php(641): CodeIgniter\Database\BaseConnection->simpleQuery('UPDATE `admin` ...')
#3 C:\xampp\htdocs\darwin_jobs\system\Database\BaseBuilder.php(2468): CodeIgniter\Database\BaseConnection->query('UPDATE `admin` ...', Array, false)
#4 C:\xampp\htdocs\darwin_jobs\app\Models\auth\AuthModel.php(25): CodeIgniter\Database\BaseBuilder->update(Array)
#5 C:\xampp\htdocs\darwin_jobs\app\Controllers\Admin.php(71): App\Models\auth\AuthModel->account(Array, '1')
#6 C:\xampp\htdocs\darwin_jobs\system\CodeIgniter.php(936): App\Controllers\Admin->account()
#7 C:\xampp\htdocs\darwin_jobs\system\CodeIgniter.php(432): CodeIgniter\CodeIgniter->runController(Object(App\Controllers\Admin))
#8 C:\xampp\htdocs\darwin_jobs\system\CodeIgniter.php(333): CodeIgniter\CodeIgniter->handleRequest(NULL, Object(Config\Cache), false)
#9 C:\xampp\htdocs\darwin_jobs\public\index.php(84): CodeIgniter\CodeIgniter->run()
#10 C:\xampp\htdocs\darwin_jobs\index.php(2): require_once('C:\\xampp\\htdocs...')
#11 {main}
CRITICAL - 2021-06-09 14:50:24 --> Unknown column 'mobileno' in 'field list'
#0 C:\xampp\htdocs\darwin_jobs\system\Database\MySQLi\Connection.php(314): mysqli->query('UPDATE `admin` ...')
#1 C:\xampp\htdocs\darwin_jobs\system\Database\BaseConnection.php(713): CodeIgniter\Database\MySQLi\Connection->execute('UPDATE `admin` ...')
#2 C:\xampp\htdocs\darwin_jobs\system\Database\BaseConnection.php(641): CodeIgniter\Database\BaseConnection->simpleQuery('UPDATE `admin` ...')
#3 C:\xampp\htdocs\darwin_jobs\system\Database\BaseBuilder.php(2468): CodeIgniter\Database\BaseConnection->query('UPDATE `admin` ...', Array, false)
#4 C:\xampp\htdocs\darwin_jobs\app\Models\auth\AuthModel.php(25): CodeIgniter\Database\BaseBuilder->update(Array)
#5 C:\xampp\htdocs\darwin_jobs\app\Controllers\Admin.php(71): App\Models\auth\AuthModel->account(Array, '1')
#6 C:\xampp\htdocs\darwin_jobs\system\CodeIgniter.php(936): App\Controllers\Admin->account()
#7 C:\xampp\htdocs\darwin_jobs\system\CodeIgniter.php(432): CodeIgniter\CodeIgniter->runController(Object(App\Controllers\Admin))
#8 C:\xampp\htdocs\darwin_jobs\system\CodeIgniter.php(333): CodeIgniter\CodeIgniter->handleRequest(NULL, Object(Config\Cache), false)
#9 C:\xampp\htdocs\darwin_jobs\public\index.php(84): CodeIgniter\CodeIgniter->run()
#10 C:\xampp\htdocs\darwin_jobs\index.php(2): require_once('C:\\xampp\\htdocs...')
#11 {main}
ERROR - 2021-06-09 14:51:18 --> mysqli_sql_exception: Unknown column 'mobileno' in 'field list' in C:\xampp\htdocs\darwin_jobs\system\Database\MySQLi\Connection.php:314
Stack trace:
#0 C:\xampp\htdocs\darwin_jobs\system\Database\MySQLi\Connection.php(314): mysqli->query('UPDATE `admin` ...')
#1 C:\xampp\htdocs\darwin_jobs\system\Database\BaseConnection.php(713): CodeIgniter\Database\MySQLi\Connection->execute('UPDATE `admin` ...')
#2 C:\xampp\htdocs\darwin_jobs\system\Database\BaseConnection.php(641): CodeIgniter\Database\BaseConnection->simpleQuery('UPDATE `admin` ...')
#3 C:\xampp\htdocs\darwin_jobs\system\Database\BaseBuilder.php(2468): CodeIgniter\Database\BaseConnection->query('UPDATE `admin` ...', Array, false)
#4 C:\xampp\htdocs\darwin_jobs\app\Models\auth\AuthModel.php(25): CodeIgniter\Database\BaseBuilder->update(Array)
#5 C:\xampp\htdocs\darwin_jobs\app\Controllers\Admin.php(71): App\Models\auth\AuthModel->account(Array, '1')
#6 C:\xampp\htdocs\darwin_jobs\system\CodeIgniter.php(936): App\Controllers\Admin->account()
#7 C:\xampp\htdocs\darwin_jobs\system\CodeIgniter.php(432): CodeIgniter\CodeIgniter->runController(Object(App\Controllers\Admin))
#8 C:\xampp\htdocs\darwin_jobs\system\CodeIgniter.php(333): CodeIgniter\CodeIgniter->handleRequest(NULL, Object(Config\Cache), false)
#9 C:\xampp\htdocs\darwin_jobs\public\index.php(84): CodeIgniter\CodeIgniter->run()
#10 C:\xampp\htdocs\darwin_jobs\index.php(2): require_once('C:\\xampp\\htdocs...')
#11 {main}
CRITICAL - 2021-06-09 14:51:18 --> Unknown column 'mobileno' in 'field list'
#0 C:\xampp\htdocs\darwin_jobs\system\Database\MySQLi\Connection.php(314): mysqli->query('UPDATE `admin` ...')
#1 C:\xampp\htdocs\darwin_jobs\system\Database\BaseConnection.php(713): CodeIgniter\Database\MySQLi\Connection->execute('UPDATE `admin` ...')
#2 C:\xampp\htdocs\darwin_jobs\system\Database\BaseConnection.php(641): CodeIgniter\Database\BaseConnection->simpleQuery('UPDATE `admin` ...')
#3 C:\xampp\htdocs\darwin_jobs\system\Database\BaseBuilder.php(2468): CodeIgniter\Database\BaseConnection->query('UPDATE `admin` ...', Array, false)
#4 C:\xampp\htdocs\darwin_jobs\app\Models\auth\AuthModel.php(25): CodeIgniter\Database\BaseBuilder->update(Array)
#5 C:\xampp\htdocs\darwin_jobs\app\Controllers\Admin.php(71): App\Models\auth\AuthModel->account(Array, '1')
#6 C:\xampp\htdocs\darwin_jobs\system\CodeIgniter.php(936): App\Controllers\Admin->account()
#7 C:\xampp\htdocs\darwin_jobs\system\CodeIgniter.php(432): CodeIgniter\CodeIgniter->runController(Object(App\Controllers\Admin))
#8 C:\xampp\htdocs\darwin_jobs\system\CodeIgniter.php(333): CodeIgniter\CodeIgniter->handleRequest(NULL, Object(Config\Cache), false)
#9 C:\xampp\htdocs\darwin_jobs\public\index.php(84): CodeIgniter\CodeIgniter->run()
#10 C:\xampp\htdocs\darwin_jobs\index.php(2): require_once('C:\\xampp\\htdocs...')
#11 {main}
CRITICAL - 2021-06-09 14:55:15 --> Call to undefined method CodeIgniter\Database\MySQLi\Connection::where()
#0 C:\xampp\htdocs\darwin_jobs\app\Controllers\Admin.php(71): App\Models\auth\AuthModel->account(Array, '1')
#1 C:\xampp\htdocs\darwin_jobs\system\CodeIgniter.php(936): App\Controllers\Admin->account()
#2 C:\xampp\htdocs\darwin_jobs\system\CodeIgniter.php(432): CodeIgniter\CodeIgniter->runController(Object(App\Controllers\Admin))
#3 C:\xampp\htdocs\darwin_jobs\system\CodeIgniter.php(333): CodeIgniter\CodeIgniter->handleRequest(NULL, Object(Config\Cache), false)
#4 C:\xampp\htdocs\darwin_jobs\public\index.php(84): CodeIgniter\CodeIgniter->run()
#5 C:\xampp\htdocs\darwin_jobs\index.php(2): require_once('C:\\xampp\\htdocs...')
#6 {main}
CRITICAL - 2021-06-09 14:56:02 --> Call to undefined method CodeIgniter\Database\MySQLi\Connection::where()
#0 C:\xampp\htdocs\darwin_jobs\app\Controllers\Admin.php(71): App\Models\auth\AuthModel->account(Array, '1')
#1 C:\xampp\htdocs\darwin_jobs\system\CodeIgniter.php(936): App\Controllers\Admin->account()
#2 C:\xampp\htdocs\darwin_jobs\system\CodeIgniter.php(432): CodeIgniter\CodeIgniter->runController(Object(App\Controllers\Admin))
#3 C:\xampp\htdocs\darwin_jobs\system\CodeIgniter.php(333): CodeIgniter\CodeIgniter->handleRequest(NULL, Object(Config\Cache), false)
#4 C:\xampp\htdocs\darwin_jobs\public\index.php(84): CodeIgniter\CodeIgniter->run()
#5 C:\xampp\htdocs\darwin_jobs\index.php(2): require_once('C:\\xampp\\htdocs...')
#6 {main}
ERROR - 2021-06-09 15:00:19 --> mysqli_sql_exception: Unknown column 'mobileno' in 'field list' in C:\xampp\htdocs\darwin_jobs\system\Database\MySQLi\Connection.php:314
Stack trace:
#0 C:\xampp\htdocs\darwin_jobs\system\Database\MySQLi\Connection.php(314): mysqli->query('UPDATE `admin` ...')
#1 C:\xampp\htdocs\darwin_jobs\system\Database\BaseConnection.php(713): CodeIgniter\Database\MySQLi\Connection->execute('UPDATE `admin` ...')
#2 C:\xampp\htdocs\darwin_jobs\system\Database\BaseConnection.php(641): CodeIgniter\Database\BaseConnection->simpleQuery('UPDATE `admin` ...')
#3 C:\xampp\htdocs\darwin_jobs\system\Database\BaseBuilder.php(2468): CodeIgniter\Database\BaseConnection->query('UPDATE `admin` ...', Array, false)
#4 C:\xampp\htdocs\darwin_jobs\app\Models\auth\AuthModel.php(30): CodeIgniter\Database\BaseBuilder->update(Array, Array)
#5 C:\xampp\htdocs\darwin_jobs\app\Controllers\Admin.php(71): App\Models\auth\AuthModel->account(Array, '1')
#6 C:\xampp\htdocs\darwin_jobs\system\CodeIgniter.php(936): App\Controllers\Admin->account()
#7 C:\xampp\htdocs\darwin_jobs\system\CodeIgniter.php(432): CodeIgniter\CodeIgniter->runController(Object(App\Controllers\Admin))
#8 C:\xampp\htdocs\darwin_jobs\system\CodeIgniter.php(333): CodeIgniter\CodeIgniter->handleRequest(NULL, Object(Config\Cache), false)
#9 C:\xampp\htdocs\darwin_jobs\public\index.php(84): CodeIgniter\CodeIgniter->run()
#10 C:\xampp\htdocs\darwin_jobs\index.php(2): require_once('C:\\xampp\\htdocs...')
#11 {main}
CRITICAL - 2021-06-09 15:00:19 --> Unknown column 'mobileno' in 'field list'
#0 C:\xampp\htdocs\darwin_jobs\system\Database\MySQLi\Connection.php(314): mysqli->query('UPDATE `admin` ...')
#1 C:\xampp\htdocs\darwin_jobs\system\Database\BaseConnection.php(713): CodeIgniter\Database\MySQLi\Connection->execute('UPDATE `admin` ...')
#2 C:\xampp\htdocs\darwin_jobs\system\Database\BaseConnection.php(641): CodeIgniter\Database\BaseConnection->simpleQuery('UPDATE `admin` ...')
#3 C:\xampp\htdocs\darwin_jobs\system\Database\BaseBuilder.php(2468): CodeIgniter\Database\BaseConnection->query('UPDATE `admin` ...', Array, false)
#4 C:\xampp\htdocs\darwin_jobs\app\Models\auth\AuthModel.php(30): CodeIgniter\Database\BaseBuilder->update(Array, Array)
#5 C:\xampp\htdocs\darwin_jobs\app\Controllers\Admin.php(71): App\Models\auth\AuthModel->account(Array, '1')
#6 C:\xampp\htdocs\darwin_jobs\system\CodeIgniter.php(936): App\Controllers\Admin->account()
#7 C:\xampp\htdocs\darwin_jobs\system\CodeIgniter.php(432): CodeIgniter\CodeIgniter->runController(Object(App\Controllers\Admin))
#8 C:\xampp\htdocs\darwin_jobs\system\CodeIgniter.php(333): CodeIgniter\CodeIgniter->handleRequest(NULL, Object(Config\Cache), false)
#9 C:\xampp\htdocs\darwin_jobs\public\index.php(84): CodeIgniter\CodeIgniter->run()
#10 C:\xampp\htdocs\darwin_jobs\index.php(2): require_once('C:\\xampp\\htdocs...')
#11 {main}
CRITICAL - 2021-06-09 15:04:46 --> Undefined variable $db
#0 C:\xampp\htdocs\darwin_jobs\app\Models\auth\AuthModel.php(22): CodeIgniter\Debug\Exceptions->errorHandler(2, 'Undefined varia...', 'C:\\xampp\\htdocs...', 22)
#1 C:\xampp\htdocs\darwin_jobs\app\Controllers\Admin.php(71): App\Models\auth\AuthModel->account(Array, '1')
#2 C:\xampp\htdocs\darwin_jobs\system\CodeIgniter.php(936): App\Controllers\Admin->account()
#3 C:\xampp\htdocs\darwin_jobs\system\CodeIgniter.php(432): CodeIgniter\CodeIgniter->runController(Object(App\Controllers\Admin))
#4 C:\xampp\htdocs\darwin_jobs\system\CodeIgniter.php(333): CodeIgniter\CodeIgniter->handleRequest(NULL, Object(Config\Cache), false)
#5 C:\xampp\htdocs\darwin_jobs\public\index.php(84): CodeIgniter\CodeIgniter->run()
#6 C:\xampp\htdocs\darwin_jobs\index.php(2): require_once('C:\\xampp\\htdocs...')
#7 {main}
ERROR - 2021-06-09 15:05:10 --> mysqli_sql_exception: Unknown column 'mobileno' in 'field list' in C:\xampp\htdocs\darwin_jobs\system\Database\MySQLi\Connection.php:314
Stack trace:
#0 C:\xampp\htdocs\darwin_jobs\system\Database\MySQLi\Connection.php(314): mysqli->query('UPDATE `admin` ...')
#1 C:\xampp\htdocs\darwin_jobs\system\Database\BaseConnection.php(713): CodeIgniter\Database\MySQLi\Connection->execute('UPDATE `admin` ...')
#2 C:\xampp\htdocs\darwin_jobs\system\Database\BaseConnection.php(641): CodeIgniter\Database\BaseConnection->simpleQuery('UPDATE `admin` ...')
#3 C:\xampp\htdocs\darwin_jobs\system\Database\BaseBuilder.php(2468): CodeIgniter\Database\BaseConnection->query('UPDATE `admin` ...', Array, false)
#4 C:\xampp\htdocs\darwin_jobs\app\Models\auth\AuthModel.php(31): CodeIgniter\Database\BaseBuilder->update(Array)
#5 C:\xampp\htdocs\darwin_jobs\app\Controllers\Admin.php(71): App\Models\auth\AuthModel->account(Array, '1')
#6 C:\xampp\htdocs\darwin_jobs\system\CodeIgniter.php(936): App\Controllers\Admin->account()
#7 C:\xampp\htdocs\darwin_jobs\system\CodeIgniter.php(432): CodeIgniter\CodeIgniter->runController(Object(App\Controllers\Admin))
#8 C:\xampp\htdocs\darwin_jobs\system\CodeIgniter.php(333): CodeIgniter\CodeIgniter->handleRequest(NULL, Object(Config\Cache), false)
#9 C:\xampp\htdocs\darwin_jobs\public\index.php(84): CodeIgniter\CodeIgniter->run()
#10 C:\xampp\htdocs\darwin_jobs\index.php(2): require_once('C:\\xampp\\htdocs...')
#11 {main}
CRITICAL - 2021-06-09 15:05:10 --> Unknown column 'mobileno' in 'field list'
#0 C:\xampp\htdocs\darwin_jobs\system\Database\MySQLi\Connection.php(314): mysqli->query('UPDATE `admin` ...')
#1 C:\xampp\htdocs\darwin_jobs\system\Database\BaseConnection.php(713): CodeIgniter\Database\MySQLi\Connection->execute('UPDATE `admin` ...')
#2 C:\xampp\htdocs\darwin_jobs\system\Database\BaseConnection.php(641): CodeIgniter\Database\BaseConnection->simpleQuery('UPDATE `admin` ...')
#3 C:\xampp\htdocs\darwin_jobs\system\Database\BaseBuilder.php(2468): CodeIgniter\Database\BaseConnection->query('UPDATE `admin` ...', Array, false)
#4 C:\xampp\htdocs\darwin_jobs\app\Models\auth\AuthModel.php(31): CodeIgniter\Database\BaseBuilder->update(Array)
#5 C:\xampp\htdocs\darwin_jobs\app\Controllers\Admin.php(71): App\Models\auth\AuthModel->account(Array, '1')
#6 C:\xampp\htdocs\darwin_jobs\system\CodeIgniter.php(936): App\Controllers\Admin->account()
#7 C:\xampp\htdocs\darwin_jobs\system\CodeIgniter.php(432): CodeIgniter\CodeIgniter->runController(Object(App\Controllers\Admin))
#8 C:\xampp\htdocs\darwin_jobs\system\CodeIgniter.php(333): CodeIgniter\CodeIgniter->handleRequest(NULL, Object(Config\Cache), false)
#9 C:\xampp\htdocs\darwin_jobs\public\index.php(84): CodeIgniter\CodeIgniter->run()
#10 C:\xampp\htdocs\darwin_jobs\index.php(2): require_once('C:\\xampp\\htdocs...')
#11 {main}
ERROR - 2021-06-09 15:06:24 --> mysqli_sql_exception: Unknown column 'mobileno' in 'field list' in C:\xampp\htdocs\darwin_jobs\system\Database\MySQLi\Connection.php:314
Stack trace:
#0 C:\xampp\htdocs\darwin_jobs\system\Database\MySQLi\Connection.php(314): mysqli->query('UPDATE `admin` ...')
#1 C:\xampp\htdocs\darwin_jobs\system\Database\BaseConnection.php(713): CodeIgniter\Database\MySQLi\Connection->execute('UPDATE `admin` ...')
#2 C:\xampp\htdocs\darwin_jobs\system\Database\BaseConnection.php(641): CodeIgniter\Database\BaseConnection->simpleQuery('UPDATE `admin` ...')
#3 C:\xampp\htdocs\darwin_jobs\system\Database\BaseBuilder.php(2468): CodeIgniter\Database\BaseConnection->query('UPDATE `admin` ...', Array, false)
#4 C:\xampp\htdocs\darwin_jobs\app\Models\auth\AuthModel.php(35): CodeIgniter\Database\BaseBuilder->update(Array)
#5 C:\xampp\htdocs\darwin_jobs\app\Controllers\Admin.php(71): App\Models\auth\AuthModel->account(Array, '1')
#6 C:\xampp\htdocs\darwin_jobs\system\CodeIgniter.php(936): App\Controllers\Admin->account()
#7 C:\xampp\htdocs\darwin_jobs\system\CodeIgniter.php(432): CodeIgniter\CodeIgniter->runController(Object(App\Controllers\Admin))
#8 C:\xampp\htdocs\darwin_jobs\system\CodeIgniter.php(333): CodeIgniter\CodeIgniter->handleRequest(NULL, Object(Config\Cache), false)
#9 C:\xampp\htdocs\darwin_jobs\public\index.php(84): CodeIgniter\CodeIgniter->run()
#10 C:\xampp\htdocs\darwin_jobs\index.php(2): require_once('C:\\xampp\\htdocs...')
#11 {main}
CRITICAL - 2021-06-09 15:06:24 --> Unknown column 'mobileno' in 'field list'
#0 C:\xampp\htdocs\darwin_jobs\system\Database\MySQLi\Connection.php(314): mysqli->query('UPDATE `admin` ...')
#1 C:\xampp\htdocs\darwin_jobs\system\Database\BaseConnection.php(713): CodeIgniter\Database\MySQLi\Connection->execute('UPDATE `admin` ...')
#2 C:\xampp\htdocs\darwin_jobs\system\Database\BaseConnection.php(641): CodeIgniter\Database\BaseConnection->simpleQuery('UPDATE `admin` ...')
#3 C:\xampp\htdocs\darwin_jobs\system\Database\BaseBuilder.php(2468): CodeIgniter\Database\BaseConnection->query('UPDATE `admin` ...', Array, false)
#4 C:\xampp\htdocs\darwin_jobs\app\Models\auth\AuthModel.php(35): CodeIgniter\Database\BaseBuilder->update(Array)
#5 C:\xampp\htdocs\darwin_jobs\app\Controllers\Admin.php(71): App\Models\auth\AuthModel->account(Array, '1')
#6 C:\xampp\htdocs\darwin_jobs\system\CodeIgniter.php(936): App\Controllers\Admin->account()
#7 C:\xampp\htdocs\darwin_jobs\system\CodeIgniter.php(432): CodeIgniter\CodeIgniter->runController(Object(App\Controllers\Admin))
#8 C:\xampp\htdocs\darwin_jobs\system\CodeIgniter.php(333): CodeIgniter\CodeIgniter->handleRequest(NULL, Object(Config\Cache), false)
#9 C:\xampp\htdocs\darwin_jobs\public\index.php(84): CodeIgniter\CodeIgniter->run()
#10 C:\xampp\htdocs\darwin_jobs\index.php(2): require_once('C:\\xampp\\htdocs...')
#11 {main}
ERROR - 2021-06-09 15:06:46 --> mysqli_sql_exception: Unknown column 'mobileno' in 'field list' in C:\xampp\htdocs\darwin_jobs\system\Database\MySQLi\Connection.php:314
Stack trace:
#0 C:\xampp\htdocs\darwin_jobs\system\Database\MySQLi\Connection.php(314): mysqli->query('UPDATE `admin` ...')
#1 C:\xampp\htdocs\darwin_jobs\system\Database\BaseConnection.php(713): CodeIgniter\Database\MySQLi\Connection->execute('UPDATE `admin` ...')
#2 C:\xampp\htdocs\darwin_jobs\system\Database\BaseConnection.php(641): CodeIgniter\Database\BaseConnection->simpleQuery('UPDATE `admin` ...')
#3 C:\xampp\htdocs\darwin_jobs\system\Database\BaseBuilder.php(2468): CodeIgniter\Database\BaseConnection->query('UPDATE `admin` ...', Array, false)
#4 C:\xampp\htdocs\darwin_jobs\app\Models\auth\AuthModel.php(35): CodeIgniter\Database\BaseBuilder->update(Array)
#5 C:\xampp\htdocs\darwin_jobs\app\Controllers\Admin.php(71): App\Models\auth\AuthModel->account(Array, '1')
#6 C:\xampp\htdocs\darwin_jobs\system\CodeIgniter.php(936): App\Controllers\Admin->account()
#7 C:\xampp\htdocs\darwin_jobs\system\CodeIgniter.php(432): CodeIgniter\CodeIgniter->runController(Object(App\Controllers\Admin))
#8 C:\xampp\htdocs\darwin_jobs\system\CodeIgniter.php(333): CodeIgniter\CodeIgniter->handleRequest(NULL, Object(Config\Cache), false)
#9 C:\xampp\htdocs\darwin_jobs\public\index.php(84): CodeIgniter\CodeIgniter->run()
#10 C:\xampp\htdocs\darwin_jobs\index.php(2): require_once('C:\\xampp\\htdocs...')
#11 {main}
CRITICAL - 2021-06-09 15:06:46 --> Unknown column 'mobileno' in 'field list'
#0 C:\xampp\htdocs\darwin_jobs\system\Database\MySQLi\Connection.php(314): mysqli->query('UPDATE `admin` ...')
#1 C:\xampp\htdocs\darwin_jobs\system\Database\BaseConnection.php(713): CodeIgniter\Database\MySQLi\Connection->execute('UPDATE `admin` ...')
#2 C:\xampp\htdocs\darwin_jobs\system\Database\BaseConnection.php(641): CodeIgniter\Database\BaseConnection->simpleQuery('UPDATE `admin` ...')
#3 C:\xampp\htdocs\darwin_jobs\system\Database\BaseBuilder.php(2468): CodeIgniter\Database\BaseConnection->query('UPDATE `admin` ...', Array, false)
#4 C:\xampp\htdocs\darwin_jobs\app\Models\auth\AuthModel.php(35): CodeIgniter\Database\BaseBuilder->update(Array)
#5 C:\xampp\htdocs\darwin_jobs\app\Controllers\Admin.php(71): App\Models\auth\AuthModel->account(Array, '1')
#6 C:\xampp\htdocs\darwin_jobs\system\CodeIgniter.php(936): App\Controllers\Admin->account()
#7 C:\xampp\htdocs\darwin_jobs\system\CodeIgniter.php(432): CodeIgniter\CodeIgniter->runController(Object(App\Controllers\Admin))
#8 C:\xampp\htdocs\darwin_jobs\system\CodeIgniter.php(333): CodeIgniter\CodeIgniter->handleRequest(NULL, Object(Config\Cache), false)
#9 C:\xampp\htdocs\darwin_jobs\public\index.php(84): CodeIgniter\CodeIgniter->run()
#10 C:\xampp\htdocs\darwin_jobs\index.php(2): require_once('C:\\xampp\\htdocs...')
#11 {main}
ERROR - 2021-06-09 15:07:07 --> mysqli_sql_exception: Unknown column 'mobileno' in 'field list' in C:\xampp\htdocs\darwin_jobs\system\Database\MySQLi\Connection.php:314
Stack trace:
#0 C:\xampp\htdocs\darwin_jobs\system\Database\MySQLi\Connection.php(314): mysqli->query('UPDATE `admin` ...')
#1 C:\xampp\htdocs\darwin_jobs\system\Database\BaseConnection.php(713): CodeIgniter\Database\MySQLi\Connection->execute('UPDATE `admin` ...')
#2 C:\xampp\htdocs\darwin_jobs\system\Database\BaseConnection.php(641): CodeIgniter\Database\BaseConnection->simpleQuery('UPDATE `admin` ...')
#3 C:\xampp\htdocs\darwin_jobs\system\Database\BaseBuilder.php(2468): CodeIgniter\Database\BaseConnection->query('UPDATE `admin` ...', Array, false)
#4 C:\xampp\htdocs\darwin_jobs\app\Models\auth\AuthModel.php(35): CodeIgniter\Database\BaseBuilder->update(Array)
#5 C:\xampp\htdocs\darwin_jobs\app\Controllers\Admin.php(71): App\Models\auth\AuthModel->account(Array, '1')
#6 C:\xampp\htdocs\darwin_jobs\system\CodeIgniter.php(936): App\Controllers\Admin->account()
#7 C:\xampp\htdocs\darwin_jobs\system\CodeIgniter.php(432): CodeIgniter\CodeIgniter->runController(Object(App\Controllers\Admin))
#8 C:\xampp\htdocs\darwin_jobs\system\CodeIgniter.php(333): CodeIgniter\CodeIgniter->handleRequest(NULL, Object(Config\Cache), false)
#9 C:\xampp\htdocs\darwin_jobs\public\index.php(84): CodeIgniter\CodeIgniter->run()
#10 C:\xampp\htdocs\darwin_jobs\index.php(2): require_once('C:\\xampp\\htdocs...')
#11 {main}
CRITICAL - 2021-06-09 15:07:07 --> Unknown column 'mobileno' in 'field list'
#0 C:\xampp\htdocs\darwin_jobs\system\Database\MySQLi\Connection.php(314): mysqli->query('UPDATE `admin` ...')
#1 C:\xampp\htdocs\darwin_jobs\system\Database\BaseConnection.php(713): CodeIgniter\Database\MySQLi\Connection->execute('UPDATE `admin` ...')
#2 C:\xampp\htdocs\darwin_jobs\system\Database\BaseConnection.php(641): CodeIgniter\Database\BaseConnection->simpleQuery('UPDATE `admin` ...')
#3 C:\xampp\htdocs\darwin_jobs\system\Database\BaseBuilder.php(2468): CodeIgniter\Database\BaseConnection->query('UPDATE `admin` ...', Array, false)
#4 C:\xampp\htdocs\darwin_jobs\app\Models\auth\AuthModel.php(35): CodeIgniter\Database\BaseBuilder->update(Array)
#5 C:\xampp\htdocs\darwin_jobs\app\Controllers\Admin.php(71): App\Models\auth\AuthModel->account(Array, '1')
#6 C:\xampp\htdocs\darwin_jobs\system\CodeIgniter.php(936): App\Controllers\Admin->account()
#7 C:\xampp\htdocs\darwin_jobs\system\CodeIgniter.php(432): CodeIgniter\CodeIgniter->runController(Object(App\Controllers\Admin))
#8 C:\xampp\htdocs\darwin_jobs\system\CodeIgniter.php(333): CodeIgniter\CodeIgniter->handleRequest(NULL, Object(Config\Cache), false)
#9 C:\xampp\htdocs\darwin_jobs\public\index.php(84): CodeIgniter\CodeIgniter->run()
#10 C:\xampp\htdocs\darwin_jobs\index.php(2): require_once('C:\\xampp\\htdocs...')
#11 {main}
ERROR - 2021-06-09 15:09:07 --> mysqli_sql_exception: Unknown column 'mobileno' in 'field list' in C:\xampp\htdocs\darwin_jobs\system\Database\MySQLi\Connection.php:314
Stack trace:
#0 C:\xampp\htdocs\darwin_jobs\system\Database\MySQLi\Connection.php(314): mysqli->query('UPDATE `admin` ...')
#1 C:\xampp\htdocs\darwin_jobs\system\Database\BaseConnection.php(713): CodeIgniter\Database\MySQLi\Connection->execute('UPDATE `admin` ...')
#2 C:\xampp\htdocs\darwin_jobs\system\Database\BaseConnection.php(641): CodeIgniter\Database\BaseConnection->simpleQuery('UPDATE `admin` ...')
#3 C:\xampp\htdocs\darwin_jobs\system\Database\BaseBuilder.php(2468): CodeIgniter\Database\BaseConnection->query('UPDATE `admin` ...', Array, false)
#4 C:\xampp\htdocs\darwin_jobs\app\Models\auth\AuthModel.php(25): CodeIgniter\Database\BaseBuilder->update(Array)
#5 C:\xampp\htdocs\darwin_jobs\app\Controllers\Admin.php(71): App\Models\auth\AuthModel->account(Array, '1')
#6 C:\xampp\htdocs\darwin_jobs\system\CodeIgniter.php(936): App\Controllers\Admin->account()
#7 C:\xampp\htdocs\darwin_jobs\system\CodeIgniter.php(432): CodeIgniter\CodeIgniter->runController(Object(App\Controllers\Admin))
#8 C:\xampp\htdocs\darwin_jobs\system\CodeIgniter.php(333): CodeIgniter\CodeIgniter->handleRequest(NULL, Object(Config\Cache), false)
#9 C:\xampp\htdocs\darwin_jobs\public\index.php(84): CodeIgniter\CodeIgniter->run()
#10 C:\xampp\htdocs\darwin_jobs\index.php(2): require_once('C:\\xampp\\htdocs...')
#11 {main}
CRITICAL - 2021-06-09 15:09:07 --> Unknown column 'mobileno' in 'field list'
#0 C:\xampp\htdocs\darwin_jobs\system\Database\MySQLi\Connection.php(314): mysqli->query('UPDATE `admin` ...')
#1 C:\xampp\htdocs\darwin_jobs\system\Database\BaseConnection.php(713): CodeIgniter\Database\MySQLi\Connection->execute('UPDATE `admin` ...')
#2 C:\xampp\htdocs\darwin_jobs\system\Database\BaseConnection.php(641): CodeIgniter\Database\BaseConnection->simpleQuery('UPDATE `admin` ...')
#3 C:\xampp\htdocs\darwin_jobs\system\Database\BaseBuilder.php(2468): CodeIgniter\Database\BaseConnection->query('UPDATE `admin` ...', Array, false)
#4 C:\xampp\htdocs\darwin_jobs\app\Models\auth\AuthModel.php(25): CodeIgniter\Database\BaseBuilder->update(Array)
#5 C:\xampp\htdocs\darwin_jobs\app\Controllers\Admin.php(71): App\Models\auth\AuthModel->account(Array, '1')
#6 C:\xampp\htdocs\darwin_jobs\system\CodeIgniter.php(936): App\Controllers\Admin->account()
#7 C:\xampp\htdocs\darwin_jobs\system\CodeIgniter.php(432): CodeIgniter\CodeIgniter->runController(Object(App\Controllers\Admin))
#8 C:\xampp\htdocs\darwin_jobs\system\CodeIgniter.php(333): CodeIgniter\CodeIgniter->handleRequest(NULL, Object(Config\Cache), false)
#9 C:\xampp\htdocs\darwin_jobs\public\index.php(84): CodeIgniter\CodeIgniter->run()
#10 C:\xampp\htdocs\darwin_jobs\index.php(2): require_once('C:\\xampp\\htdocs...')
#11 {main}
ERROR - 2021-06-09 15:09:26 --> mysqli_sql_exception: Unknown column 'mobileno' in 'field list' in C:\xampp\htdocs\darwin_jobs\system\Database\MySQLi\Connection.php:314
Stack trace:
#0 C:\xampp\htdocs\darwin_jobs\system\Database\MySQLi\Connection.php(314): mysqli->query('UPDATE `admin` ...')
#1 C:\xampp\htdocs\darwin_jobs\system\Database\BaseConnection.php(713): CodeIgniter\Database\MySQLi\Connection->execute('UPDATE `admin` ...')
#2 C:\xampp\htdocs\darwin_jobs\system\Database\BaseConnection.php(641): CodeIgniter\Database\BaseConnection->simpleQuery('UPDATE `admin` ...')
#3 C:\xampp\htdocs\darwin_jobs\system\Database\BaseBuilder.php(2468): CodeIgniter\Database\BaseConnection->query('UPDATE `admin` ...', Array, false)
#4 C:\xampp\htdocs\darwin_jobs\app\Models\auth\AuthModel.php(25): CodeIgniter\Database\BaseBuilder->update(Array)
#5 C:\xampp\htdocs\darwin_jobs\app\Controllers\Admin.php(71): App\Models\auth\AuthModel->account(Array, '1')
#6 C:\xampp\htdocs\darwin_jobs\system\CodeIgniter.php(936): App\Controllers\Admin->account()
#7 C:\xampp\htdocs\darwin_jobs\system\CodeIgniter.php(432): CodeIgniter\CodeIgniter->runController(Object(App\Controllers\Admin))
#8 C:\xampp\htdocs\darwin_jobs\system\CodeIgniter.php(333): CodeIgniter\CodeIgniter->handleRequest(NULL, Object(Config\Cache), false)
#9 C:\xampp\htdocs\darwin_jobs\public\index.php(84): CodeIgniter\CodeIgniter->run()
#10 C:\xampp\htdocs\darwin_jobs\index.php(2): require_once('C:\\xampp\\htdocs...')
#11 {main}
CRITICAL - 2021-06-09 15:09:26 --> Unknown column 'mobileno' in 'field list'
#0 C:\xampp\htdocs\darwin_jobs\system\Database\MySQLi\Connection.php(314): mysqli->query('UPDATE `admin` ...')
#1 C:\xampp\htdocs\darwin_jobs\system\Database\BaseConnection.php(713): CodeIgniter\Database\MySQLi\Connection->execute('UPDATE `admin` ...')
#2 C:\xampp\htdocs\darwin_jobs\system\Database\BaseConnection.php(641): CodeIgniter\Database\BaseConnection->simpleQuery('UPDATE `admin` ...')
#3 C:\xampp\htdocs\darwin_jobs\system\Database\BaseBuilder.php(2468): CodeIgniter\Database\BaseConnection->query('UPDATE `admin` ...', Array, false)
#4 C:\xampp\htdocs\darwin_jobs\app\Models\auth\AuthModel.php(25): CodeIgniter\Database\BaseBuilder->update(Array)
#5 C:\xampp\htdocs\darwin_jobs\app\Controllers\Admin.php(71): App\Models\auth\AuthModel->account(Array, '1')
#6 C:\xampp\htdocs\darwin_jobs\system\CodeIgniter.php(936): App\Controllers\Admin->account()
#7 C:\xampp\htdocs\darwin_jobs\system\CodeIgniter.php(432): CodeIgniter\CodeIgniter->runController(Object(App\Controllers\Admin))
#8 C:\xampp\htdocs\darwin_jobs\system\CodeIgniter.php(333): CodeIgniter\CodeIgniter->handleRequest(NULL, Object(Config\Cache), false)
#9 C:\xampp\htdocs\darwin_jobs\public\index.php(84): CodeIgniter\CodeIgniter->run()
#10 C:\xampp\htdocs\darwin_jobs\index.php(2): require_once('C:\\xampp\\htdocs...')
#11 {main}
ERROR - 2021-06-09 15:09:55 --> mysqli_sql_exception: Unknown column 'mobileno' in 'field list' in C:\xampp\htdocs\darwin_jobs\system\Database\MySQLi\Connection.php:314
Stack trace:
#0 C:\xampp\htdocs\darwin_jobs\system\Database\MySQLi\Connection.php(314): mysqli->query('UPDATE `admin` ...')
#1 C:\xampp\htdocs\darwin_jobs\system\Database\BaseConnection.php(713): CodeIgniter\Database\MySQLi\Connection->execute('UPDATE `admin` ...')
#2 C:\xampp\htdocs\darwin_jobs\system\Database\BaseConnection.php(641): CodeIgniter\Database\BaseConnection->simpleQuery('UPDATE `admin` ...')
#3 C:\xampp\htdocs\darwin_jobs\system\Database\BaseBuilder.php(2468): CodeIgniter\Database\BaseConnection->query('UPDATE `admin` ...', Array, false)
#4 C:\xampp\htdocs\darwin_jobs\app\Models\auth\AuthModel.php(25): CodeIgniter\Database\BaseBuilder->update(Array)
#5 C:\xampp\htdocs\darwin_jobs\app\Controllers\Admin.php(71): App\Models\auth\AuthModel->account(Array, '1')
#6 C:\xampp\htdocs\darwin_jobs\system\CodeIgniter.php(936): App\Controllers\Admin->account()
#7 C:\xampp\htdocs\darwin_jobs\system\CodeIgniter.php(432): CodeIgniter\CodeIgniter->runController(Object(App\Controllers\Admin))
#8 C:\xampp\htdocs\darwin_jobs\system\CodeIgniter.php(333): CodeIgniter\CodeIgniter->handleRequest(NULL, Object(Config\Cache), false)
#9 C:\xampp\htdocs\darwin_jobs\public\index.php(84): CodeIgniter\CodeIgniter->run()
#10 C:\xampp\htdocs\darwin_jobs\index.php(2): require_once('C:\\xampp\\htdocs...')
#11 {main}
CRITICAL - 2021-06-09 15:09:55 --> Unknown column 'mobileno' in 'field list'
#0 C:\xampp\htdocs\darwin_jobs\system\Database\MySQLi\Connection.php(314): mysqli->query('UPDATE `admin` ...')
#1 C:\xampp\htdocs\darwin_jobs\system\Database\BaseConnection.php(713): CodeIgniter\Database\MySQLi\Connection->execute('UPDATE `admin` ...')
#2 C:\xampp\htdocs\darwin_jobs\system\Database\BaseConnection.php(641): CodeIgniter\Database\BaseConnection->simpleQuery('UPDATE `admin` ...')
#3 C:\xampp\htdocs\darwin_jobs\system\Database\BaseBuilder.php(2468): CodeIgniter\Database\BaseConnection->query('UPDATE `admin` ...', Array, false)
#4 C:\xampp\htdocs\darwin_jobs\app\Models\auth\AuthModel.php(25): CodeIgniter\Database\BaseBuilder->update(Array)
#5 C:\xampp\htdocs\darwin_jobs\app\Controllers\Admin.php(71): App\Models\auth\AuthModel->account(Array, '1')
#6 C:\xampp\htdocs\darwin_jobs\system\CodeIgniter.php(936): App\Controllers\Admin->account()
#7 C:\xampp\htdocs\darwin_jobs\system\CodeIgniter.php(432): CodeIgniter\CodeIgniter->runController(Object(App\Controllers\Admin))
#8 C:\xampp\htdocs\darwin_jobs\system\CodeIgniter.php(333): CodeIgniter\CodeIgniter->handleRequest(NULL, Object(Config\Cache), false)
#9 C:\xampp\htdocs\darwin_jobs\public\index.php(84): CodeIgniter\CodeIgniter->run()
#10 C:\xampp\htdocs\darwin_jobs\index.php(2): require_once('C:\\xampp\\htdocs...')
#11 {main}
CRITICAL - 2021-06-09 15:12:40 --> Call to undefined method CodeIgniter\Database\MySQLi\Connection::where()
#0 C:\xampp\htdocs\darwin_jobs\app\Controllers\Admin.php(71): App\Models\auth\AuthModel->account(Array, '1')
#1 C:\xampp\htdocs\darwin_jobs\system\CodeIgniter.php(936): App\Controllers\Admin->account()
#2 C:\xampp\htdocs\darwin_jobs\system\CodeIgniter.php(432): CodeIgniter\CodeIgniter->runController(Object(App\Controllers\Admin))
#3 C:\xampp\htdocs\darwin_jobs\system\CodeIgniter.php(333): CodeIgniter\CodeIgniter->handleRequest(NULL, Object(Config\Cache), false)
#4 C:\xampp\htdocs\darwin_jobs\public\index.php(84): CodeIgniter\CodeIgniter->run()
#5 C:\xampp\htdocs\darwin_jobs\index.php(2): require_once('C:\\xampp\\htdocs...')
#6 {main}
CRITICAL - 2021-06-09 15:13:37 --> Undefined variable $builder
#0 C:\xampp\htdocs\darwin_jobs\app\Models\auth\AuthModel.php(30): CodeIgniter\Debug\Exceptions->errorHandler(2, 'Undefined varia...', 'C:\\xampp\\htdocs...', 30)
#1 C:\xampp\htdocs\darwin_jobs\app\Controllers\Admin.php(71): App\Models\auth\AuthModel->account(Array, '1')
#2 C:\xampp\htdocs\darwin_jobs\system\CodeIgniter.php(936): App\Controllers\Admin->account()
#3 C:\xampp\htdocs\darwin_jobs\system\CodeIgniter.php(432): CodeIgniter\CodeIgniter->runController(Object(App\Controllers\Admin))
#4 C:\xampp\htdocs\darwin_jobs\system\CodeIgniter.php(333): CodeIgniter\CodeIgniter->handleRequest(NULL, Object(Config\Cache), false)
#5 C:\xampp\htdocs\darwin_jobs\public\index.php(84): CodeIgniter\CodeIgniter->run()
#6 C:\xampp\htdocs\darwin_jobs\index.php(2): require_once('C:\\xampp\\htdocs...')
#7 {main}
ERROR - 2021-06-09 15:15:46 --> mysqli_sql_exception: Unknown column 'mobileno' in 'field list' in C:\xampp\htdocs\darwin_jobs\system\Database\MySQLi\Connection.php:314
Stack trace:
#0 C:\xampp\htdocs\darwin_jobs\system\Database\MySQLi\Connection.php(314): mysqli->query('UPDATE `admin` ...')
#1 C:\xampp\htdocs\darwin_jobs\system\Database\BaseConnection.php(713): CodeIgniter\Database\MySQLi\Connection->execute('UPDATE `admin` ...')
#2 C:\xampp\htdocs\darwin_jobs\system\Database\BaseConnection.php(641): CodeIgniter\Database\BaseConnection->simpleQuery('UPDATE `admin` ...')
#3 C:\xampp\htdocs\darwin_jobs\system\Database\BaseBuilder.php(2468): CodeIgniter\Database\BaseConnection->query('UPDATE `admin` ...', Array, false)
#4 C:\xampp\htdocs\darwin_jobs\app\Models\auth\AuthModel.php(31): CodeIgniter\Database\BaseBuilder->update(Array)
#5 C:\xampp\htdocs\darwin_jobs\app\Controllers\Admin.php(71): App\Models\auth\AuthModel->account(Array, '1')
#6 C:\xampp\htdocs\darwin_jobs\system\CodeIgniter.php(936): App\Controllers\Admin->account()
#7 C:\xampp\htdocs\darwin_jobs\system\CodeIgniter.php(432): CodeIgniter\CodeIgniter->runController(Object(App\Controllers\Admin))
#8 C:\xampp\htdocs\darwin_jobs\system\CodeIgniter.php(333): CodeIgniter\CodeIgniter->handleRequest(NULL, Object(Config\Cache), false)
#9 C:\xampp\htdocs\darwin_jobs\public\index.php(84): CodeIgniter\CodeIgniter->run()
#10 C:\xampp\htdocs\darwin_jobs\index.php(2): require_once('C:\\xampp\\htdocs...')
#11 {main}
CRITICAL - 2021-06-09 15:15:46 --> Unknown column 'mobileno' in 'field list'
#0 C:\xampp\htdocs\darwin_jobs\system\Database\MySQLi\Connection.php(314): mysqli->query('UPDATE `admin` ...')
#1 C:\xampp\htdocs\darwin_jobs\system\Database\BaseConnection.php(713): CodeIgniter\Database\MySQLi\Connection->execute('UPDATE `admin` ...')
#2 C:\xampp\htdocs\darwin_jobs\system\Database\BaseConnection.php(641): CodeIgniter\Database\BaseConnection->simpleQuery('UPDATE `admin` ...')
#3 C:\xampp\htdocs\darwin_jobs\system\Database\BaseBuilder.php(2468): CodeIgniter\Database\BaseConnection->query('UPDATE `admin` ...', Array, false)
#4 C:\xampp\htdocs\darwin_jobs\app\Models\auth\AuthModel.php(31): CodeIgniter\Database\BaseBuilder->update(Array)
#5 C:\xampp\htdocs\darwin_jobs\app\Controllers\Admin.php(71): App\Models\auth\AuthModel->account(Array, '1')
#6 C:\xampp\htdocs\darwin_jobs\system\CodeIgniter.php(936): App\Controllers\Admin->account()
#7 C:\xampp\htdocs\darwin_jobs\system\CodeIgniter.php(432): CodeIgniter\CodeIgniter->runController(Object(App\Controllers\Admin))
#8 C:\xampp\htdocs\darwin_jobs\system\CodeIgniter.php(333): CodeIgniter\CodeIgniter->handleRequest(NULL, Object(Config\Cache), false)
#9 C:\xampp\htdocs\darwin_jobs\public\index.php(84): CodeIgniter\CodeIgniter->run()
#10 C:\xampp\htdocs\darwin_jobs\index.php(2): require_once('C:\\xampp\\htdocs...')
#11 {main}
CRITICAL - 2021-06-09 15:16:33 --> Undefined array key "mobile_no"
#0 C:\xampp\htdocs\darwin_jobs\app\Models\auth\AuthModel.php(28): CodeIgniter\Debug\Exceptions->errorHandler(2, 'Undefined array...', 'C:\\xampp\\htdocs...', 28)
#1 C:\xampp\htdocs\darwin_jobs\app\Controllers\Admin.php(71): App\Models\auth\AuthModel->account(Array, '1')
#2 C:\xampp\htdocs\darwin_jobs\system\CodeIgniter.php(936): App\Controllers\Admin->account()
#3 C:\xampp\htdocs\darwin_jobs\system\CodeIgniter.php(432): CodeIgniter\CodeIgniter->runController(Object(App\Controllers\Admin))
#4 C:\xampp\htdocs\darwin_jobs\system\CodeIgniter.php(333): CodeIgniter\CodeIgniter->handleRequest(NULL, Object(Config\Cache), false)
#5 C:\xampp\htdocs\darwin_jobs\public\index.php(84): CodeIgniter\CodeIgniter->run()
#6 C:\xampp\htdocs\darwin_jobs\index.php(2): require_once('C:\\xampp\\htdocs...')
#7 {main}
CRITICAL - 2021-06-09 15:37:06 --> syntax error, unexpected token "=", expecting ")"
#0 C:\xampp\htdocs\darwin_jobs\system\Autoloader\Autoloader.php(265): CodeIgniter\Autoloader\Autoloader->includeFile('C:\\xampp\\htdocs...')
#1 C:\xampp\htdocs\darwin_jobs\system\Autoloader\Autoloader.php(228): CodeIgniter\Autoloader\Autoloader->loadInNamespace('App\\Models\\auth...')
#2 C:\xampp\htdocs\darwin_jobs\app\Controllers\Admin.php(10): CodeIgniter\Autoloader\Autoloader->loadClass('App\\Models\\auth...')
#3 C:\xampp\htdocs\darwin_jobs\system\CodeIgniter.php(908): App\Controllers\Admin->__construct()
#4 C:\xampp\htdocs\darwin_jobs\system\CodeIgniter.php(422): CodeIgniter\CodeIgniter->createController()
#5 C:\xampp\htdocs\darwin_jobs\system\CodeIgniter.php(333): CodeIgniter\CodeIgniter->handleRequest(NULL, Object(Config\Cache), false)
#6 C:\xampp\htdocs\darwin_jobs\public\index.php(84): CodeIgniter\CodeIgniter->run()
#7 C:\xampp\htdocs\darwin_jobs\index.php(2): require_once('C:\\xampp\\htdocs...')
#8 {main}
CRITICAL - 2021-06-09 15:38:30 --> syntax error, unexpected token "=", expecting ")"
#0 C:\xampp\htdocs\darwin_jobs\system\Autoloader\Autoloader.php(265): CodeIgniter\Autoloader\Autoloader->includeFile('C:\\xampp\\htdocs...')
#1 C:\xampp\htdocs\darwin_jobs\system\Autoloader\Autoloader.php(228): CodeIgniter\Autoloader\Autoloader->loadInNamespace('App\\Models\\auth...')
#2 C:\xampp\htdocs\darwin_jobs\app\Controllers\Admin.php(10): CodeIgniter\Autoloader\Autoloader->loadClass('App\\Models\\auth...')
#3 C:\xampp\htdocs\darwin_jobs\system\CodeIgniter.php(908): App\Controllers\Admin->__construct()
#4 C:\xampp\htdocs\darwin_jobs\system\CodeIgniter.php(422): CodeIgniter\CodeIgniter->createController()
#5 C:\xampp\htdocs\darwin_jobs\system\CodeIgniter.php(333): CodeIgniter\CodeIgniter->handleRequest(NULL, Object(Config\Cache), false)
#6 C:\xampp\htdocs\darwin_jobs\public\index.php(84): CodeIgniter\CodeIgniter->run()
#7 C:\xampp\htdocs\darwin_jobs\index.php(2): require_once('C:\\xampp\\htdocs...')
#8 {main}
CRITICAL - 2021-06-09 15:39:03 --> Invalid file: admin/changepassword.php
#0 C:\xampp\htdocs\darwin_jobs\system\View\View.php(203): CodeIgniter\Exceptions\FrameworkException::forInvalidFile('admin/changepas...')
#1 C:\xampp\htdocs\darwin_jobs\system\Common.php(1217): CodeIgniter\View\View->render('admin/changepas...', Array, true)
#2 C:\xampp\htdocs\darwin_jobs\app\Controllers\Admin.php(101): view('admin/changepas...')
#3 C:\xampp\htdocs\darwin_jobs\system\CodeIgniter.php(936): App\Controllers\Admin->changepassword()
#4 C:\xampp\htdocs\darwin_jobs\system\CodeIgniter.php(432): CodeIgniter\CodeIgniter->runController(Object(App\Controllers\Admin))
#5 C:\xampp\htdocs\darwin_jobs\system\CodeIgniter.php(333): CodeIgniter\CodeIgniter->handleRequest(NULL, Object(Config\Cache), false)
#6 C:\xampp\htdocs\darwin_jobs\public\index.php(84): CodeIgniter\CodeIgniter->run()
#7 C:\xampp\htdocs\darwin_jobs\index.php(2): require_once('C:\\xampp\\htdocs...')
#8 {main}
CRITICAL - 2021-06-09 15:39:31 --> Undefined constant "App\Controllers\aam"
#0 C:\xampp\htdocs\darwin_jobs\system\CodeIgniter.php(936): App\Controllers\Admin->changepassword()
#1 C:\xampp\htdocs\darwin_jobs\system\CodeIgniter.php(432): CodeIgniter\CodeIgniter->runController(Object(App\Controllers\Admin))
#2 C:\xampp\htdocs\darwin_jobs\system\CodeIgniter.php(333): CodeIgniter\CodeIgniter->handleRequest(NULL, Object(Config\Cache), false)
#3 C:\xampp\htdocs\darwin_jobs\public\index.php(84): CodeIgniter\CodeIgniter->run()
#4 C:\xampp\htdocs\darwin_jobs\index.php(2): require_once('C:\\xampp\\htdocs...')
#5 {main}
CRITICAL - 2021-06-09 16:39:06 --> include(C:\xampp\htdocs\darwin_jobs\app\Views\includes/flash_message.php): Failed to open stream: No such file or directory
#0 C:\xampp\htdocs\darwin_jobs\app\Views\admin\auth\changepassword.php(3): CodeIgniter\Debug\Exceptions->errorHandler(2, 'include(C:\\xamp...', 'C:\\xampp\\htdocs...', 3)
#1 C:\xampp\htdocs\darwin_jobs\app\Views\admin\auth\changepassword.php(3): include()
#2 C:\xampp\htdocs\darwin_jobs\system\View\View.php(220): include('C:\\xampp\\htdocs...')
#3 C:\xampp\htdocs\darwin_jobs\system\View\View.php(222): CodeIgniter\View\View->CodeIgniter\View\{closure}()
#4 C:\xampp\htdocs\darwin_jobs\system\Common.php(1217): CodeIgniter\View\View->render('admin/auth/chan...', Array, true)
#5 C:\xampp\htdocs\darwin_jobs\app\Controllers\Admin.php(103): view('admin/auth/chan...')
#6 C:\xampp\htdocs\darwin_jobs\system\CodeIgniter.php(936): App\Controllers\Admin->changepassword()
#7 C:\xampp\htdocs\darwin_jobs\system\CodeIgniter.php(432): CodeIgniter\CodeIgniter->runController(Object(App\Controllers\Admin))
#8 C:\xampp\htdocs\darwin_jobs\system\CodeIgniter.php(333): CodeIgniter\CodeIgniter->handleRequest(NULL, Object(Config\Cache), false)
#9 C:\xampp\htdocs\darwin_jobs\public\index.php(84): CodeIgniter\CodeIgniter->run()
#10 C:\xampp\htdocs\darwin_jobs\index.php(2): require_once('C:\\xampp\\htdocs...')
#11 {main}
CRITICAL - 2021-06-09 16:39:29 --> include(C:\xampp\htdocs\darwin_jobs\app\Views\admin/includes/flash_message.php): Failed to open stream: No such file or directory
#0 C:\xampp\htdocs\darwin_jobs\app\Views\admin\auth\changepassword.php(3): CodeIgniter\Debug\Exceptions->errorHandler(2, 'include(C:\\xamp...', 'C:\\xampp\\htdocs...', 3)
#1 C:\xampp\htdocs\darwin_jobs\app\Views\admin\auth\changepassword.php(3): include()
#2 C:\xampp\htdocs\darwin_jobs\system\View\View.php(220): include('C:\\xampp\\htdocs...')
#3 C:\xampp\htdocs\darwin_jobs\system\View\View.php(222): CodeIgniter\View\View->CodeIgniter\View\{closure}()
#4 C:\xampp\htdocs\darwin_jobs\system\Common.php(1217): CodeIgniter\View\View->render('admin/auth/chan...', Array, true)
#5 C:\xampp\htdocs\darwin_jobs\app\Controllers\Admin.php(103): view('admin/auth/chan...')
#6 C:\xampp\htdocs\darwin_jobs\system\CodeIgniter.php(936): App\Controllers\Admin->changepassword()
#7 C:\xampp\htdocs\darwin_jobs\system\CodeIgniter.php(432): CodeIgniter\CodeIgniter->runController(Object(App\Controllers\Admin))
#8 C:\xampp\htdocs\darwin_jobs\system\CodeIgniter.php(333): CodeIgniter\CodeIgniter->handleRequest(NULL, Object(Config\Cache), false)
#9 C:\xampp\htdocs\darwin_jobs\public\index.php(84): CodeIgniter\CodeIgniter->run()
#10 C:\xampp\htdocs\darwin_jobs\index.php(2): require_once('C:\\xampp\\htdocs...')
#11 {main}
CRITICAL - 2021-06-09 17:21:08 --> syntax error, unexpected identifier "registeradmin", expecting variable
#0 C:\xampp\htdocs\darwin_jobs\system\Router\Router.php(170): CodeIgniter\Router\Router->autoRoute('admin/showadmin')
#1 C:\xampp\htdocs\darwin_jobs\system\CodeIgniter.php(816): CodeIgniter\Router\Router->handle('admin/showadmin')
#2 C:\xampp\htdocs\darwin_jobs\system\CodeIgniter.php(385): CodeIgniter\CodeIgniter->tryToRouteIt(Object(CodeIgniter\Router\RouteCollection))
#3 C:\xampp\htdocs\darwin_jobs\system\CodeIgniter.php(333): CodeIgniter\CodeIgniter->handleRequest(NULL, Object(Config\Cache), false)
#4 C:\xampp\htdocs\darwin_jobs\public\index.php(84): CodeIgniter\CodeIgniter->run()
#5 C:\xampp\htdocs\darwin_jobs\index.php(2): require_once('C:\\xampp\\htdocs...')
#6 {main}
CRITICAL - 2021-06-09 17:21:22 --> syntax error, unexpected identifier "registeradmin", expecting variable
#0 C:\xampp\htdocs\darwin_jobs\system\Router\Router.php(170): CodeIgniter\Router\Router->autoRoute('admin/showadmin')
#1 C:\xampp\htdocs\darwin_jobs\system\CodeIgniter.php(816): CodeIgniter\Router\Router->handle('admin/showadmin')
#2 C:\xampp\htdocs\darwin_jobs\system\CodeIgniter.php(385): CodeIgniter\CodeIgniter->tryToRouteIt(Object(CodeIgniter\Router\RouteCollection))
#3 C:\xampp\htdocs\darwin_jobs\system\CodeIgniter.php(333): CodeIgniter\CodeIgniter->handleRequest(NULL, Object(Config\Cache), false)
#4 C:\xampp\htdocs\darwin_jobs\public\index.php(84): CodeIgniter\CodeIgniter->run()
#5 C:\xampp\htdocs\darwin_jobs\index.php(2): require_once('C:\\xampp\\htdocs...')
#6 {main}
CRITICAL - 2021-06-09 17:21:24 --> syntax error, unexpected identifier "registeradmin", expecting variable
#0 C:\xampp\htdocs\darwin_jobs\system\Router\Router.php(170): CodeIgniter\Router\Router->autoRoute('admin/showadmin')
#1 C:\xampp\htdocs\darwin_jobs\system\CodeIgniter.php(816): CodeIgniter\Router\Router->handle('admin/showadmin')
#2 C:\xampp\htdocs\darwin_jobs\system\CodeIgniter.php(385): CodeIgniter\CodeIgniter->tryToRouteIt(Object(CodeIgniter\Router\RouteCollection))
#3 C:\xampp\htdocs\darwin_jobs\system\CodeIgniter.php(333): CodeIgniter\CodeIgniter->handleRequest(NULL, Object(Config\Cache), false)
#4 C:\xampp\htdocs\darwin_jobs\public\index.php(84): CodeIgniter\CodeIgniter->run()
#5 C:\xampp\htdocs\darwin_jobs\index.php(2): require_once('C:\\xampp\\htdocs...')
#6 {main}
CRITICAL - 2021-06-09 17:21:25 --> syntax error, unexpected identifier "registeradmin", expecting variable
#0 C:\xampp\htdocs\darwin_jobs\system\Router\Router.php(170): CodeIgniter\Router\Router->autoRoute('admin/changepas...')
#1 C:\xampp\htdocs\darwin_jobs\system\CodeIgniter.php(816): CodeIgniter\Router\Router->handle('admin/changepas...')
#2 C:\xampp\htdocs\darwin_jobs\system\CodeIgniter.php(385): CodeIgniter\CodeIgniter->tryToRouteIt(Object(CodeIgniter\Router\RouteCollection))
#3 C:\xampp\htdocs\darwin_jobs\system\CodeIgniter.php(333): CodeIgniter\CodeIgniter->handleRequest(NULL, Object(Config\Cache), false)
#4 C:\xampp\htdocs\darwin_jobs\public\index.php(84): CodeIgniter\CodeIgniter->run()
#5 C:\xampp\htdocs\darwin_jobs\index.php(2): require_once('C:\\xampp\\htdocs...')
#6 {main}
CRITICAL - 2021-06-09 17:21:29 --> syntax error, unexpected identifier "registeradmin", expecting variable
#0 C:\xampp\htdocs\darwin_jobs\system\Router\Router.php(170): CodeIgniter\Router\Router->autoRoute('admin')
#1 C:\xampp\htdocs\darwin_jobs\system\CodeIgniter.php(816): CodeIgniter\Router\Router->handle('admin')
#2 C:\xampp\htdocs\darwin_jobs\system\CodeIgniter.php(385): CodeIgniter\CodeIgniter->tryToRouteIt(Object(CodeIgniter\Router\RouteCollection))
#3 C:\xampp\htdocs\darwin_jobs\system\CodeIgniter.php(333): CodeIgniter\CodeIgniter->handleRequest(NULL, Object(Config\Cache), false)
#4 C:\xampp\htdocs\darwin_jobs\public\index.php(84): CodeIgniter\CodeIgniter->run()
#5 C:\xampp\htdocs\darwin_jobs\index.php(2): require_once('C:\\xampp\\htdocs...')
#6 {main}
CRITICAL - 2021-06-09 17:21:33 --> syntax error, unexpected identifier "registeradmin", expecting variable
#0 C:\xampp\htdocs\darwin_jobs\system\Router\Router.php(170): CodeIgniter\Router\Router->autoRoute('admin')
#1 C:\xampp\htdocs\darwin_jobs\system\CodeIgniter.php(816): CodeIgniter\Router\Router->handle('admin')
#2 C:\xampp\htdocs\darwin_jobs\system\CodeIgniter.php(385): CodeIgniter\CodeIgniter->tryToRouteIt(Object(CodeIgniter\Router\RouteCollection))
#3 C:\xampp\htdocs\darwin_jobs\system\CodeIgniter.php(333): CodeIgniter\CodeIgniter->handleRequest(NULL, Object(Config\Cache), false)
#4 C:\xampp\htdocs\darwin_jobs\public\index.php(84): CodeIgniter\CodeIgniter->run()
#5 C:\xampp\htdocs\darwin_jobs\index.php(2): require_once('C:\\xampp\\htdocs...')
#6 {main}
CRITICAL - 2021-06-09 17:21:34 --> syntax error, unexpected identifier "registeradmin", expecting variable
#0 C:\xampp\htdocs\darwin_jobs\system\Router\Router.php(170): CodeIgniter\Router\Router->autoRoute('admin')
#1 C:\xampp\htdocs\darwin_jobs\system\CodeIgniter.php(816): CodeIgniter\Router\Router->handle('admin')
#2 C:\xampp\htdocs\darwin_jobs\system\CodeIgniter.php(385): CodeIgniter\CodeIgniter->tryToRouteIt(Object(CodeIgniter\Router\RouteCollection))
#3 C:\xampp\htdocs\darwin_jobs\system\CodeIgniter.php(333): CodeIgniter\CodeIgniter->handleRequest(NULL, Object(Config\Cache), false)
#4 C:\xampp\htdocs\darwin_jobs\public\index.php(84): CodeIgniter\CodeIgniter->run()
#5 C:\xampp\htdocs\darwin_jobs\index.php(2): require_once('C:\\xampp\\htdocs...')
#6 {main}
CRITICAL - 2021-06-09 17:21:35 --> syntax error, unexpected identifier "registeradmin", expecting variable
#0 C:\xampp\htdocs\darwin_jobs\system\Router\Router.php(170): CodeIgniter\Router\Router->autoRoute('admin')
#1 C:\xampp\htdocs\darwin_jobs\system\CodeIgniter.php(816): CodeIgniter\Router\Router->handle('admin')
#2 C:\xampp\htdocs\darwin_jobs\system\CodeIgniter.php(385): CodeIgniter\CodeIgniter->tryToRouteIt(Object(CodeIgniter\Router\RouteCollection))
#3 C:\xampp\htdocs\darwin_jobs\system\CodeIgniter.php(333): CodeIgniter\CodeIgniter->handleRequest(NULL, Object(Config\Cache), false)
#4 C:\xampp\htdocs\darwin_jobs\public\index.php(84): CodeIgniter\CodeIgniter->run()
#5 C:\xampp\htdocs\darwin_jobs\index.php(2): require_once('C:\\xampp\\htdocs...')
#6 {main}
CRITICAL - 2021-06-09 17:22:01 --> syntax error, unexpected identifier "registeradmin", expecting variable
#0 C:\xampp\htdocs\darwin_jobs\system\Router\Router.php(170): CodeIgniter\Router\Router->autoRoute('admin')
#1 C:\xampp\htdocs\darwin_jobs\system\CodeIgniter.php(816): CodeIgniter\Router\Router->handle('admin')
#2 C:\xampp\htdocs\darwin_jobs\system\CodeIgniter.php(385): CodeIgniter\CodeIgniter->tryToRouteIt(Object(CodeIgniter\Router\RouteCollection))
#3 C:\xampp\htdocs\darwin_jobs\system\CodeIgniter.php(333): CodeIgniter\CodeIgniter->handleRequest(NULL, Object(Config\Cache), false)
#4 C:\xampp\htdocs\darwin_jobs\public\index.php(84): CodeIgniter\CodeIgniter->run()
#5 C:\xampp\htdocs\darwin_jobs\index.php(2): require_once('C:\\xampp\\htdocs...')
#6 {main}
CRITICAL - 2021-06-09 17:22:03 --> syntax error, unexpected identifier "registeradmin", expecting variable
#0 C:\xampp\htdocs\darwin_jobs\system\Router\Router.php(170): CodeIgniter\Router\Router->autoRoute('admin')
#1 C:\xampp\htdocs\darwin_jobs\system\CodeIgniter.php(816): CodeIgniter\Router\Router->handle('admin')
#2 C:\xampp\htdocs\darwin_jobs\system\CodeIgniter.php(385): CodeIgniter\CodeIgniter->tryToRouteIt(Object(CodeIgniter\Router\RouteCollection))
#3 C:\xampp\htdocs\darwin_jobs\system\CodeIgniter.php(333): CodeIgniter\CodeIgniter->handleRequest(NULL, Object(Config\Cache), false)
#4 C:\xampp\htdocs\darwin_jobs\public\index.php(84): CodeIgniter\CodeIgniter->run()
#5 C:\xampp\htdocs\darwin_jobs\index.php(2): require_once('C:\\xampp\\htdocs...')
#6 {main}
CRITICAL - 2021-06-09 17:22:22 --> syntax error, unexpected identifier "register", expecting variable
#0 C:\xampp\htdocs\darwin_jobs\system\Router\Router.php(170): CodeIgniter\Router\Router->autoRoute('admin')
#1 C:\xampp\htdocs\darwin_jobs\system\CodeIgniter.php(816): CodeIgniter\Router\Router->handle('admin')
#2 C:\xampp\htdocs\darwin_jobs\system\CodeIgniter.php(385): CodeIgniter\CodeIgniter->tryToRouteIt(Object(CodeIgniter\Router\RouteCollection))
#3 C:\xampp\htdocs\darwin_jobs\system\CodeIgniter.php(333): CodeIgniter\CodeIgniter->handleRequest(NULL, Object(Config\Cache), false)
#4 C:\xampp\htdocs\darwin_jobs\public\index.php(84): CodeIgniter\CodeIgniter->run()
#5 C:\xampp\htdocs\darwin_jobs\index.php(2): require_once('C:\\xampp\\htdocs...')
#6 {main}
CRITICAL - 2021-06-09 17:22:27 --> syntax error, unexpected identifier "register", expecting variable
#0 C:\xampp\htdocs\darwin_jobs\system\Router\Router.php(170): CodeIgniter\Router\Router->autoRoute('admin/register')
#1 C:\xampp\htdocs\darwin_jobs\system\CodeIgniter.php(816): CodeIgniter\Router\Router->handle('admin/register')
#2 C:\xampp\htdocs\darwin_jobs\system\CodeIgniter.php(385): CodeIgniter\CodeIgniter->tryToRouteIt(Object(CodeIgniter\Router\RouteCollection))
#3 C:\xampp\htdocs\darwin_jobs\system\CodeIgniter.php(333): CodeIgniter\CodeIgniter->handleRequest(NULL, Object(Config\Cache), false)
#4 C:\xampp\htdocs\darwin_jobs\public\index.php(84): CodeIgniter\CodeIgniter->run()
#5 C:\xampp\htdocs\darwin_jobs\index.php(2): require_once('C:\\xampp\\htdocs...')
#6 {main}
CRITICAL - 2021-06-09 17:22:29 --> syntax error, unexpected identifier "register", expecting variable
#0 C:\xampp\htdocs\darwin_jobs\system\Router\Router.php(170): CodeIgniter\Router\Router->autoRoute('admin')
#1 C:\xampp\htdocs\darwin_jobs\system\CodeIgniter.php(816): CodeIgniter\Router\Router->handle('admin')
#2 C:\xampp\htdocs\darwin_jobs\system\CodeIgniter.php(385): CodeIgniter\CodeIgniter->tryToRouteIt(Object(CodeIgniter\Router\RouteCollection))
#3 C:\xampp\htdocs\darwin_jobs\system\CodeIgniter.php(333): CodeIgniter\CodeIgniter->handleRequest(NULL, Object(Config\Cache), false)
#4 C:\xampp\htdocs\darwin_jobs\public\index.php(84): CodeIgniter\CodeIgniter->run()
#5 C:\xampp\htdocs\darwin_jobs\index.php(2): require_once('C:\\xampp\\htdocs...')
#6 {main}
CRITICAL - 2021-06-09 17:22:47 --> syntax error, unexpected token "}", expecting ";"
#0 C:\xampp\htdocs\darwin_jobs\system\Router\Router.php(170): CodeIgniter\Router\Router->autoRoute('admin/dashboard')
#1 C:\xampp\htdocs\darwin_jobs\system\CodeIgniter.php(816): CodeIgniter\Router\Router->handle('admin/dashboard')
#2 C:\xampp\htdocs\darwin_jobs\system\CodeIgniter.php(385): CodeIgniter\CodeIgniter->tryToRouteIt(Object(CodeIgniter\Router\RouteCollection))
#3 C:\xampp\htdocs\darwin_jobs\system\CodeIgniter.php(333): CodeIgniter\CodeIgniter->handleRequest(NULL, Object(Config\Cache), false)
#4 C:\xampp\htdocs\darwin_jobs\public\index.php(84): CodeIgniter\CodeIgniter->run()
#5 C:\xampp\htdocs\darwin_jobs\index.php(2): require_once('C:\\xampp\\htdocs...')
#6 {main}
CRITICAL - 2021-06-09 17:22:57 --> syntax error, unexpected token "}", expecting ";"
#0 C:\xampp\htdocs\darwin_jobs\system\Router\Router.php(170): CodeIgniter\Router\Router->autoRoute('admin/dashboard')
#1 C:\xampp\htdocs\darwin_jobs\system\CodeIgniter.php(816): CodeIgniter\Router\Router->handle('admin/dashboard')
#2 C:\xampp\htdocs\darwin_jobs\system\CodeIgniter.php(385): CodeIgniter\CodeIgniter->tryToRouteIt(Object(CodeIgniter\Router\RouteCollection))
#3 C:\xampp\htdocs\darwin_jobs\system\CodeIgniter.php(333): CodeIgniter\CodeIgniter->handleRequest(NULL, Object(Config\Cache), false)
#4 C:\xampp\htdocs\darwin_jobs\public\index.php(84): CodeIgniter\CodeIgniter->run()
#5 C:\xampp\htdocs\darwin_jobs\index.php(2): require_once('C:\\xampp\\htdocs...')
#6 {main}
CRITICAL - 2021-06-09 17:38:52 --> syntax error, unexpected identifier "view"
#0 C:\xampp\htdocs\darwin_jobs\system\Router\Router.php(170): CodeIgniter\Router\Router->autoRoute('admin/showadmin')
#1 C:\xampp\htdocs\darwin_jobs\system\CodeIgniter.php(816): CodeIgniter\Router\Router->handle('admin/showadmin')
#2 C:\xampp\htdocs\darwin_jobs\system\CodeIgniter.php(385): CodeIgniter\CodeIgniter->tryToRouteIt(Object(CodeIgniter\Router\RouteCollection))
#3 C:\xampp\htdocs\darwin_jobs\system\CodeIgniter.php(333): CodeIgniter\CodeIgniter->handleRequest(NULL, Object(Config\Cache), false)
#4 C:\xampp\htdocs\darwin_jobs\public\index.php(84): CodeIgniter\CodeIgniter->run()
#5 C:\xampp\htdocs\darwin_jobs\index.php(2): require_once('C:\\xampp\\htdocs...')
#6 {main}
CRITICAL - 2021-06-09 17:42:24 --> Undefined variable $result
#0 C:\xampp\htdocs\darwin_jobs\app\Views\admin\showadmin.php(44): CodeIgniter\Debug\Exceptions->errorHandler(2, 'Undefined varia...', 'C:\\xampp\\htdocs...', 44)
#1 C:\xampp\htdocs\darwin_jobs\system\View\View.php(220): include('C:\\xampp\\htdocs...')
#2 C:\xampp\htdocs\darwin_jobs\system\View\View.php(222): CodeIgniter\View\View->CodeIgniter\View\{closure}()
#3 C:\xampp\htdocs\darwin_jobs\system\Common.php(1217): CodeIgniter\View\View->render('admin/showadmin...', Array, true)
#4 C:\xampp\htdocs\darwin_jobs\app\Controllers\Admin.php(115): view('admin/showadmin...', Array)
#5 C:\xampp\htdocs\darwin_jobs\system\CodeIgniter.php(936): App\Controllers\Admin->showadmin()
#6 C:\xampp\htdocs\darwin_jobs\system\CodeIgniter.php(432): CodeIgniter\CodeIgniter->runController(Object(App\Controllers\Admin))
#7 C:\xampp\htdocs\darwin_jobs\system\CodeIgniter.php(333): CodeIgniter\CodeIgniter->handleRequest(NULL, Object(Config\Cache), false)
#8 C:\xampp\htdocs\darwin_jobs\public\index.php(84): CodeIgniter\CodeIgniter->run()
#9 C:\xampp\htdocs\darwin_jobs\index.php(2): require_once('C:\\xampp\\htdocs...')
#10 {main}
CRITICAL - 2021-06-09 17:42:31 --> Undefined variable $result
#0 C:\xampp\htdocs\darwin_jobs\app\Views\admin\showadmin.php(44): CodeIgniter\Debug\Exceptions->errorHandler(2, 'Undefined varia...', 'C:\\xampp\\htdocs...', 44)
#1 C:\xampp\htdocs\darwin_jobs\system\View\View.php(220): include('C:\\xampp\\htdocs...')
#2 C:\xampp\htdocs\darwin_jobs\system\View\View.php(222): CodeIgniter\View\View->CodeIgniter\View\{closure}()
#3 C:\xampp\htdocs\darwin_jobs\system\Common.php(1217): CodeIgniter\View\View->render('admin/showadmin...', Array, true)
#4 C:\xampp\htdocs\darwin_jobs\app\Controllers\Admin.php(115): view('admin/showadmin...', Array)
#5 C:\xampp\htdocs\darwin_jobs\system\CodeIgniter.php(936): App\Controllers\Admin->showadmin()
#6 C:\xampp\htdocs\darwin_jobs\system\CodeIgniter.php(432): CodeIgniter\CodeIgniter->runController(Object(App\Controllers\Admin))
#7 C:\xampp\htdocs\darwin_jobs\system\CodeIgniter.php(333): CodeIgniter\CodeIgniter->handleRequest(NULL, Object(Config\Cache), false)
#8 C:\xampp\htdocs\darwin_jobs\public\index.php(84): CodeIgniter\CodeIgniter->run()
#9 C:\xampp\htdocs\darwin_jobs\index.php(2): require_once('C:\\xampp\\htdocs...')
#10 {main}
CRITICAL - 2021-06-09 17:42:41 --> Undefined variable $result
#0 C:\xampp\htdocs\darwin_jobs\app\Views\admin\showadmin.php(44): CodeIgniter\Debug\Exceptions->errorHandler(2, 'Undefined varia...', 'C:\\xampp\\htdocs...', 44)
#1 C:\xampp\htdocs\darwin_jobs\system\View\View.php(220): include('C:\\xampp\\htdocs...')
#2 C:\xampp\htdocs\darwin_jobs\system\View\View.php(222): CodeIgniter\View\View->CodeIgniter\View\{closure}()
#3 C:\xampp\htdocs\darwin_jobs\system\Common.php(1217): CodeIgniter\View\View->render('admin/showadmin...', Array, true)
#4 C:\xampp\htdocs\darwin_jobs\app\Controllers\Admin.php(115): view('admin/showadmin...', Array)
#5 C:\xampp\htdocs\darwin_jobs\system\CodeIgniter.php(936): App\Controllers\Admin->showadmin()
#6 C:\xampp\htdocs\darwin_jobs\system\CodeIgniter.php(432): CodeIgniter\CodeIgniter->runController(Object(App\Controllers\Admin))
#7 C:\xampp\htdocs\darwin_jobs\system\CodeIgniter.php(333): CodeIgniter\CodeIgniter->handleRequest(NULL, Object(Config\Cache), false)
#8 C:\xampp\htdocs\darwin_jobs\public\index.php(84): CodeIgniter\CodeIgniter->run()
#9 C:\xampp\htdocs\darwin_jobs\index.php(2): require_once('C:\\xampp\\htdocs...')
#10 {main}
CRITICAL - 2021-06-09 17:42:43 --> Undefined variable $result
#0 C:\xampp\htdocs\darwin_jobs\app\Views\admin\showadmin.php(44): CodeIgniter\Debug\Exceptions->errorHandler(2, 'Undefined varia...', 'C:\\xampp\\htdocs...', 44)
#1 C:\xampp\htdocs\darwin_jobs\system\View\View.php(220): include('C:\\xampp\\htdocs...')
#2 C:\xampp\htdocs\darwin_jobs\system\View\View.php(222): CodeIgniter\View\View->CodeIgniter\View\{closure}()
#3 C:\xampp\htdocs\darwin_jobs\system\Common.php(1217): CodeIgniter\View\View->render('admin/showadmin...', Array, true)
#4 C:\xampp\htdocs\darwin_jobs\app\Controllers\Admin.php(115): view('admin/showadmin...', Array)
#5 C:\xampp\htdocs\darwin_jobs\system\CodeIgniter.php(936): App\Controllers\Admin->showadmin()
#6 C:\xampp\htdocs\darwin_jobs\system\CodeIgniter.php(432): CodeIgniter\CodeIgniter->runController(Object(App\Controllers\Admin))
#7 C:\xampp\htdocs\darwin_jobs\system\CodeIgniter.php(333): CodeIgniter\CodeIgniter->handleRequest(NULL, Object(Config\Cache), false)
#8 C:\xampp\htdocs\darwin_jobs\public\index.php(84): CodeIgniter\CodeIgniter->run()
#9 C:\xampp\htdocs\darwin_jobs\index.php(2): require_once('C:\\xampp\\htdocs...')
#10 {main}
CRITICAL - 2021-06-09 17:42:43 --> Undefined variable $result
#0 C:\xampp\htdocs\darwin_jobs\app\Views\admin\showadmin.php(44): CodeIgniter\Debug\Exceptions->errorHandler(2, 'Undefined varia...', 'C:\\xampp\\htdocs...', 44)
#1 C:\xampp\htdocs\darwin_jobs\system\View\View.php(220): include('C:\\xampp\\htdocs...')
#2 C:\xampp\htdocs\darwin_jobs\system\View\View.php(222): CodeIgniter\View\View->CodeIgniter\View\{closure}()
#3 C:\xampp\htdocs\darwin_jobs\system\Common.php(1217): CodeIgniter\View\View->render('admin/showadmin...', Array, true)
#4 C:\xampp\htdocs\darwin_jobs\app\Controllers\Admin.php(115): view('admin/showadmin...', Array)
#5 C:\xampp\htdocs\darwin_jobs\system\CodeIgniter.php(936): App\Controllers\Admin->showadmin()
#6 C:\xampp\htdocs\darwin_jobs\system\CodeIgniter.php(432): CodeIgniter\CodeIgniter->runController(Object(App\Controllers\Admin))
#7 C:\xampp\htdocs\darwin_jobs\system\CodeIgniter.php(333): CodeIgniter\CodeIgniter->handleRequest(NULL, Object(Config\Cache), false)
#8 C:\xampp\htdocs\darwin_jobs\public\index.php(84): CodeIgniter\CodeIgniter->run()
#9 C:\xampp\htdocs\darwin_jobs\index.php(2): require_once('C:\\xampp\\htdocs...')
#10 {main}
CRITICAL - 2021-06-09 17:42:53 --> Undefined variable $result
#0 C:\xampp\htdocs\darwin_jobs\app\Views\admin\showadmin.php(44): CodeIgniter\Debug\Exceptions->errorHandler(2, 'Undefined varia...', 'C:\\xampp\\htdocs...', 44)
#1 C:\xampp\htdocs\darwin_jobs\system\View\View.php(220): include('C:\\xampp\\htdocs...')
#2 C:\xampp\htdocs\darwin_jobs\system\View\View.php(222): CodeIgniter\View\View->CodeIgniter\View\{closure}()
#3 C:\xampp\htdocs\darwin_jobs\system\Common.php(1217): CodeIgniter\View\View->render('admin/showadmin...', Array, true)
#4 C:\xampp\htdocs\darwin_jobs\app\Controllers\Admin.php(115): view('admin/showadmin...', Array)
#5 C:\xampp\htdocs\darwin_jobs\system\CodeIgniter.php(936): App\Controllers\Admin->showadmin()
#6 C:\xampp\htdocs\darwin_jobs\system\CodeIgniter.php(432): CodeIgniter\CodeIgniter->runController(Object(App\Controllers\Admin))
#7 C:\xampp\htdocs\darwin_jobs\system\CodeIgniter.php(333): CodeIgniter\CodeIgniter->handleRequest(NULL, Object(Config\Cache), false)
#8 C:\xampp\htdocs\darwin_jobs\public\index.php(84): CodeIgniter\CodeIgniter->run()
#9 C:\xampp\htdocs\darwin_jobs\index.php(2): require_once('C:\\xampp\\htdocs...')
#10 {main}
